This file contains any messages produced by compilers while
running configure, to aid debugging if configure makes a mistake.

It was created by UartTest configure 0.1.0, which was
generated by GNU Autoconf 2.69.  Invocation command line was

  $ ./configure --with-libtool-sysroot=/home/summer/test-yocto/qemuarm --target=arm-poky-linux-gnueabi --host=arm-poky-linux-gnueabi --build=x86_64-linux --with-libtool-sysroot=/home/summer/test-yocto/qemuarm

## --------- ##
## Platform. ##
## --------- ##

hostname = summer-ThinkPad-X230
uname -m = x86_64
uname -r = 3.19.0-33-generic
uname -s = Linux
uname -v = #38~14.04.1-Ubuntu SMP Fri Nov 6 18:17:28 UTC 2015

/usr/bin/uname -p = unknown
/bin/uname -X     = unknown

/bin/arch              = unknown
/usr/bin/arch -k       = unknown
/usr/convex/getsysinfo = unknown
/usr/bin/hostinfo      = unknown
/bin/machine           = unknown
/usr/bin/oslevel       = unknown
/bin/universe          = unknown

PATH: /opt/poky/1.8/sysroots/x86_64-pokysdk-linux/usr/bin
PATH: /opt/poky/1.8/sysroots/x86_64-pokysdk-linux/usr/bin/arm-poky-linux-gnueabi
PATH: /home/summer/bin
PATH: /usr/local/sbin
PATH: /usr/local/bin
PATH: /usr/sbin
PATH: /usr/bin
PATH: /sbin
PATH: /bin
PATH: /usr/games
PATH: /usr/local/games


## ----------- ##
## Core tests. ##
## ----------- ##

configure:2018: loading site script /opt/poky/1.8/site-config-armv5e-poky-linux-gnueabi
| ac_cv_c_littleendian=${ac_cv_c_littleendian=yes}
| ac_cv_c_bigendian=${ac_cv_c_bigendian=no}
| 
| # libnet
| ac_cv_libnet_endianess=${ac_cv_libnet_endianess=lil}
| 
| # libmemcached
| ac_cv_c_endian=little
| # apr
| ac_cv_file__dev_zero=${ac_cv_file__dev_zero=yes}
| ac_cv_sizeof_pid_t=${ac_cv_sizeof_pid_t=4}
| 
| # samba
| samba_cv_HAVE_IFACE_AIX=${samba_cv_HAVE_IFACE_AIX=no}
| samba_cv_HAVE_IFACE_IFCONF=${samba_cv_HAVE_IFACE_IFCONF=yes}
| samba_cv_HAVE_IFACE_IFREQ=${samba_cv_HAVE_IFACE_IFREQ=yes}
| samba_cv_HAVE_IRIX_SPECIFIC_CAPABILITIES=${samba_cv_HAVE_IRIX_SPECIFIC_CAPABILITIES=no}
| 
| # db
| db_cv_path_ar=${db_cv_path_ar=/usr/bin/ar}
| db_cv_path_chmod=${db_cv_path_chmod=/bin/chmod}
| db_cv_path_cp=${db_cv_path_cp=/bin/cp}
| db_cv_path_ln=${db_cv_path_ln=/bin/ln}
| db_cv_path_mkdir=${db_cv_path_mkdir=/bin/mkdir}
| db_cv_path_ranlib=${db_cv_path_ranlib=/usr/bin/ranlib}
| db_cv_path_rm=${db_cv_path_rm=/bin/rm}
| db_cv_path_sh=${db_cv_path_sh=/bin/sh}
| db_cv_path_strip=${db_cv_path_strip=/usr/bin/strip}
| 
| # bash
| bash_cv_have_mbstate_t=${bash_cv_have_mbstate_t=yes}
| bash_cv_must_reinstall_sighandlers=${bash_cv_must_reinstall_sighandlers=no}
| bash_cv_func_strcoll_broken=${bash_cv_func_strcoll_broken=no}
| bash_cv_dup2_broken=${bash_cv_dup2_broken=no}
| bash_cv_opendir_not_robust=${bash_cv_opendir_not_robust=no}
| bash_cv_type_rlimit=${bash_cv_type_rlimit=rlim_t}
| bash_cv_getenv_redef=${bash_cv_getenv_redef=yes}
| bash_cv_ulimit_maxfds=${bash_cv_ulimit_maxfds=yes}
| bash_cv_getcwd_calls_popen=${bash_cv_getcwd_calls_popen=no}
| bash_cv_printf_a_format=${bash_cv_printf_a_format=yes}
| bash_cv_pgrp_pipe=${bash_cv_pgrp_pipe=no}
| bash_cv_job_control_missing=${bash_cv_job_control_missing=present}
| bash_cv_sys_named_pipes=${bash_cv_sys_named_pipes=present}
| bash_cv_unusable_rtsigs=${bash_cv_unusable_rtsigs=no}
| 
| # coreutils
| gl_cv_func_fstatat_zero_flag=${gl_cv_func_fstatat_zero_flag=yes}
| 
| # mysql
| ac_cv_sys_restartable_syscalls=${ac_cv_sys_restartable_syscalls=yes}
| ac_cv_conv_longlong_to_float=${ac_cv_conv_longlong_to_float=yes}
| 
| # TCL
| tcl_cv_api_serial=${tcl_cv_api_serial=termios}
| 
| # python
| ac_cv_have_long_long_format=yes
| 
| # apache
| ac_cv_o_nonblock_inherited=${ac_cv_o_nonblock_inherited=no}
| # general
| ac_cv_have_decl_sys_siglist=${ac_cv_have_decl_sys_siglist=yes}
| ac_cv_func_realloc_works=${ac_cv_func_realloc_works=yes}
| ac_cv_func_realloc_0_nonnull=${ac_cv_func_realloc_0_nonnull=yes}
| ac_cv_func_malloc_works=${ac_cv_func_malloc_works=yes}
| ac_cv_func_malloc_0_nonnull=${ac_cv_func_malloc_0_nonnull=yes}
| ac_cv_func_memcmp_working=${ac_cv_func_memcmp_working=yes}
| ac_cv_func_getpgrp_void=yes
| ac_cv_func_setpgrp_void=yes
| ac_cv_func_setgrent_void=yes
| ac_cv_func_getgrgid_r=${ac_cv_func_getgrgid_r=yes}
| ac_cv_func_getpwuid_r=${ac_cv_func_getpwuid_r=yes}
| ac_cv_func_posix_getpwuid_r=${ac_cv_func_posix_getpwuid_r=yes}
| ac_cv_func_posix_getgrgid_r=${ac_cv_func_posix_getgrgid_r=yes}
| ac_cv_type_uid_t={ac_cv_type_uid_t=yes}
| ac_cv_func_getaddrinfo=${ac_cv_func_getaddrinfo=yes}
| 
| # bash
| bash_cv_under_sys_siglist=${bash_cv_under_sys_siglist=yes}
| bash_cv_sys_siglist=${bash_cv_sys_siglist=yes}
| 
| # clamav
| clamav_av_func_working_snprintf_long=${clamav_av_func_working_snprintf_long=yes}
| clamav_av_have_in_port_t=${clamav_av_have_in_port_t=yes}
| clamav_av_have_in_addr_t=${clamav_av_have_in_addr_t=yes}
| ac_cv_func_mmap_fixed_mapped=${ac_cv_func_mmap_fixed_mapped=yes}
| 
| # coreutils
| fu_cv_sys_stat_statfs2_bsize=${fu_cv_sys_stat_statfs2_bsize=yes}
| 
| # glib
| glib_cv_strlcpy=${glib_cv_strlcpy=no}
| ac_cv_func_printf_unix98=${ac_cv_func_printf_unix98=yes}
| ac_cv_func_snprintf_c99=${ac_cv_func_snprintf_c99=yes}
| ac_cv_func_vsnprintf_c99=${ac_cv_func_vsnprintf_c99=yes}
| glib_cv_compliant_posix_memalign=${glib_cv_compliant_posix_memalign=1}
| glib_cv_long_long_format=${glib_cv_long_long_format=ll}
| # glib-1.x requires this and pkgconfig-native / pkgconfig-nativesdk use
| # that to avoid a dependency loop.
| glib_cv___va_copy=${glib_cv___va_copy=yes}
| glib_cv_va_copy=${glib_cv_va_copy=yes}
| glib_cv_have_qsort_r=${glib_cv_have_qsort_r=yes}
| 
| #dbus-glib
| ac_cv_have_abstract_sockets=${ac_cv_have_abstract_sockets=yes}
| 
| # gnucash
| am_cv_scanf_lld=${am_cv_scanf_lld=yes}
| 
| # guile
| ac_cv_func_pthread_attr_getstack=${ac_cv_func_pthread_attr_getstack=yes}
| 
| #gcc-zlib
| ac_cv_func_getpagesize=${ac_cv_func_getpagesize=yes}
| ac_cv_func_memcpy=${ac_cv_func_memcpy=yes}
| ac_cv_func_strerror=${ac_cv_func_strerror=yes}
| 
| # squid
| ac_cv_af_unix_large_dgram=${ac_cv_af_unix_large_dgram=yes}
| ac_cv_func_setresuid=${ac_cv_func_setresuid=yes}
| ac_cv_func_va_copy=${ac_cv_func_va_copy=yes}
| ac_cv_func___va_copy=${ac_cv_func___va_copy=yes}
| ac_cv_epoll_works=${ac_cv_epoll_works=yes}
| 
| ac_cv_check_sjlj=ssjlj
| 
| # m4
| gt_cv_locale_fr=${gt_cv_locale_fr=fr_FR}
| gl_cv_func_btowc_eof=${gl_cv_func_btowc_eof=yes}
| gl_cv_func_wcrtomb_retval=${gl_cv_func_wcrtomb_retval=yes}
| gl_cv_func_wctob_works=${gl_cv_func_wctob_works=yes}
| gl_cv_func_mbrtowc_incomplete_state=${gl_cv_func_mbrtowc_incomplete_state=yes}
| gl_cv_func_mbrtowc_sanitycheck=${gl_cv_func_mbrtowc_sanitycheck=yes}
| gl_cv_func_mbrtowc_null_arg=${gl_cv_func_mbrtowc_null_arg=yes}
| gl_cv_func_mbrtowc_retval=${gl_cv_func_mbrtowc_retval=yes}
| gl_cv_func_mbrtowc_nul_retval=${gl_cv_func_mbrtowc_nul_retval=yes}
| 
| # va_copy and _va_copy
| ac_cv_va_copy=${ac_cv_va_copy=yes}
| ac_cv___va_copy=${ac_cv___va_copy=yes}
| ac_cv_func_va_copy=${ac_cv_func_va_copy=yes}
| ac_cv_func___va_copy=${ac_cv_func___va_copy=yes}
| 
| # Xorg
| xorg_cv_malloc0_returns_null=${xorg_cv_malloc0_returns_null=yes}
| # general
| ac_cv_va_val_copy=${ac_cv_va_val_copy=no}
| ac_cv_func_lstat_dereferences_slashed_symlink=${ac_cv_func_lstat_dereferences_slashed_symlink=yes}
| ac_cv_func_lstat_empty_string_bug=${ac_cv_func_lstat_empty_string_bug=no}
| ac_cv_func_posix_getpwnam_r=${ac_cv_func_posix_getpwnam_r=yes}
| ac_cv_func_setvbuf_reversed=${ac_cv_func_setvbuf_reversed=no}
| ac_cv_func_stat_empty_string_bug=${ac_cv_func_stat_empty_string_bug=no}
| ac_cv_func_stat_ignores_trailing_slash=${ac_cv_func_stat_ignores_trailing_slash=no}
| ac_libnet_have_packet_socket=${ac_libnet_have_packet_socket=yes}
| ac_cv_linux_vers=${ac_cv_linux_vers=2}
| ac_cv_need_trio=${ac_cv_need_trio=no}
| ac_cv_sizeof_char=${ac_cv_sizeof_char=1}
| ac_cv_sizeof_int=${ac_cv_sizeof_int=4}
| ac_cv_sizeof_unsigned_int=${ac_cv_sizeof_unsigned_int=4}
| ac_cv_sizeof___int64=${ac_cv_sizeof___int64=0}
| ac_cv_sizeof_long=${ac_cv_sizeof_long=8}
| ac_cv_sizeof_unsigned_long=${ac_cv_sizeof_unsigned_long=8}
| ac_cv_sizeof_long_double=${ac_cv_sizeof_long_double=16}
| ac_cv_sizeof_long_int=${ac_cv_sizeof_long_int=8}
| ac_cv_sizeof_long_long=${ac_cv_sizeof_long_long=8}
| ac_cv_sizeof_off_t=${ac_cv_sizeof_off_t=8}
| ac_cv_sizeof_short=${ac_cv_sizeof_short=2}
| ac_cv_sizeof_unsigned_short=${ac_cv_sizeof_unsigned_short=2}
| ac_cv_sizeof_short_int=${ac_cv_sizeof_short_int=2}
| ac_cv_sizeof_size_t=${ac_cv_sizeof_size_t=8}
| ac_cv_sizeof_uid_t=${ac_cv_sizeof_uid_t=4}
| ac_cv_sizeof_gid_t=${ac_cv_sizeof_gid_t=4}
| ac_cv_sizeof_ino_t=${ac_cv_sizeof_ino_t=8}
| ac_cv_sizeof_dev_t=${ac_cv_sizeof_dev_t=8}
| ac_cv_sizeof_void_p=${ac_cv_sizeof_void_p=8}
| ac_cv_strerror_r_SUSv3=${ac_cv_strerror_r_SUSv3=no}
| db_cv_alignp_t=${db_cv_alignp_t='unsigned long long'}
| db_cv_align_t=${db_cv_align_t='unsigned long long'}
| db_cv_fcntl_f_setfd=${db_cv_fcntl_f_setfd=yes}
| db_cv_sprintf_count=${db_cv_sprintf_count=yes}
| 
| # glib
| glib_cv_hasinline=${glib_cv_hasinline=yes}
| glib_cv_has__inline=${glib_cv_has__inline=yes}
| glib_cv_has__inline__=${glib_cv_has__inline__=yes}
| glib_cv_long_long_format=${glib_cv_long_long_format=ll}
| glib_cv_rtldglobal_broken=${glib_cv_rtldglobal_broken=yes}
| glib_cv_sane_realloc=${glib_cv_sane_realloc=yes}
| glib_cv_sizeof_gmutex=${glib_cv_sizeof_gmutex=40}
| glib_cv_sizeof_intmax_t=${glib_cv_sizeof_intmax_t=8}
| glib_cv_sizeof_ptrdiff_t=${glib_cv_sizeof_ptrdiff_t=8}
| glib_cv_sizeof_size_t=${glib_cv_sizeof_size_t=8}
| glib_cv_sizeof_system_thread=${glib_cv_sizeof_system_thread=8}
| glib_cv_stack_grows=${glib_cv_stack_grows=no}
| glib_cv_sys_pthread_cond_timedwait_posix=${glib_cv_sys_pthread_cond_timedwait_posix=yes}
| glib_cv_sys_pthread_getspecific_posix=${glib_cv_sys_pthread_getspecific_posix=yes}
| glib_cv_sys_pthread_mutex_trylock_posix=${glib_cv_sys_pthread_mutex_trylock_posix=yes}
| glib_cv_uscore=${glib_cv_uscore=no}
| glib_cv_va_val_copy=${glib_cv_va_val_copy=no}
| ac_cv_alignof_guint32=4
| ac_cv_alignof_guint64=8
| ac_cv_alignof_unsigned_long=8
| 
| nano_cv_func_regexec_segv_emptystr=${nano_cv_func_regexec_segv_emptystr=no}
| samba_cv_HAVE_VA_COPY=${samba_cv_HAVE_VA_COPY=yes}
| screen_cv_sys_bcopy_overlap=${screen_cv_sys_bcopy_overlap=no}
| screen_cv_sys_fifo_broken_impl=${screen_cv_sys_fifo_broken_impl=yes}
| screen_cv_sys_fifo_usable=${screen_cv_sys_fifo_usable=yes}
| screen_cv_sys_memcpy_overlap=${screen_cv_sys_memcpy_overlap=no}
| screen_cv_sys_memmove_overlap=${screen_cv_sys_memmove_overlap=no}
| screen_cv_sys_select_broken_retval=${screen_cv_sys_select_broken_retval=no}
| screen_cv_sys_sockets_nofs=${screen_cv_sys_sockets_nofs=no}
| screen_cv_sys_sockets_usable=${screen_cv_sys_sockets_usable=yes}
| screen_cv_sys_terminfo_used=${screen_cv_sys_terminfo_used=yes}
| utils_cv_sys_open_max=${utils_cv_sys_open_max=1015}
| 
| # gettext
| am_cv_func_working_getline=${am_cv_func_working_getline=yes}
| 
| #gcc
| ac_cv_lib_m_sin=${ac_cv_lib_m_sin=yes}
| 
| #orbit
| libIDL_cv_long_long_format=ll
| 
| # bash
| bash_cv_func_sigsetjmp=${bash_cv_func_sigsetjmp=present}
| 
| # ORBit2
| ac_cv_alignof_CORBA_boolean=1
| ac_cv_alignof_CORBA_char=1
| ac_cv_alignof_CORBA_double=8
| ac_cv_alignof_CORBA_float=4
| ac_cv_alignof_CORBA_long=4
| ac_cv_alignof_CORBA_long_double=8
| ac_cv_alignof_CORBA_long_long=8
| ac_cv_alignof_CORBA_octet=1
| ac_cv_alignof_CORBA_pointer=8
| ac_cv_alignof_CORBA_short=2
| ac_cv_alignof_CORBA_struct=1
| ac_cv_alignof_CORBA_wchar=2
| 
| lf_cv_sane_realloc=yes
| as_cv_unaligned_access=${as_cv_unaligned_access=yes}
| 
| #unfs3
| nfsd_cv_broken_setfsuid=${nfsd_cv_broken_setfsuid=0}
| nfsd_cv_func_statfs=${nfsd_cv_func_statfs=statfs2_bsize}
| nfsd_cv_bsd_signals=${nfsd_cv_bsd_signals=yes}
| 
| #apr
| apr_cv_tcp_nodelay_with_cork=${apr_cv_tcp_nodelay_with_cork=yes}
| 
| # lftp
| lftp_cv_va_val_copy=${lftp_cv_va_val_copy=no}
| 
| # slrn
| slrn_cv_va_val_copy=${slrn_cv_va_val_copy=no}
| 
| # grub
| ac_cv_func___ashldi3=no
| ac_cv_func___ashrdi3=no
| ac_cv_func___bswapdi2=no
| ac_cv_func___bswapsi2=no
| ac_cv_func___lshrdi3=no
| ac_cv_func___trampoline_setup=no
| ac_cv_func___ucmpdi2=no
| ac_cv_func__restgpr_14_x=no
| 
| # cvs
| cvs_cv_func_printf_ptr=${cvs_cv_func_printf_ptr=yes}
| 
| # at-spi2-core
| ac_cv_alignof_char=1
| ac_cv_alignof_dbind_pointer=8
| ac_cv_alignof_dbind_struct=1
| ac_cv_alignof_dbus_bool_t=4
| ac_cv_alignof_dbus_int16_t=2
| ac_cv_alignof_dbus_int32_t=4
| ac_cv_alignof_dbus_int64_t=8
| ac_cv_alignof_double=8
| # libelf
| mr_cv_target_elf=${mr_cv_target_elf=yes}
| 
| # Normally kernels have /dev/random enabled
| ac_cv_file__dev_random=${ac_cv_file__dev_random=yes}
| 
| # Avoid sudo to assume void for unsetenv in cross environment, or else it conflicts with
| # target stdlib.h prototype which follows POSIX compiliance. Mark for upstream.
| sudo_cv_func_unsetenv_void=no
| 
| # shadow dir info, to avoid searching build system
| shadow_cv_maildir=${localstatedir}/spool/mail
| shadow_cv_mailfile=Mailbox
| shadow_cv_utmpdir=${localstatedir}/run
| shadow_cv_logdir=${localstatedir}/log
| shadow_cv_passwd_dir=${bindir}
| 
| # python: deactivate a runtime check for ipv6-support in python >=2.7.1 that fails when cross-compiling
| ac_cv_buggy_getaddrinfo=no
| 
| ac_cv_path_SED=sed
| ac_cv_func___adjtimex=${ac_cv_func___adjtimex=yes}
| ac_cv_func___argz_count=${ac_cv_func___argz_count=yes}
| ac_cv_func___argz_next=${ac_cv_func___argz_next=yes}
| ac_cv_func___argz_stringify=${ac_cv_func___argz_stringify=yes}
| ac_cv_func___fpending=${ac_cv_func___fpending=yes}
| ac_cv_func___fsetlocking=${ac_cv_func___fsetlocking=yes}
| ac_cv_func___progname=${ac_cv_func___progname=yes}
| ac_cv_func___secure_getenv=${ac_cv_func___secure_getenv=no}
| ac_cv_func__obstack_free=${ac_cv_func__obstack_free=yes}
| ac_cv_func__setjmp=${ac_cv_func__setjmp=yes}
| ac_cv_func__sys_siglist=${ac_cv_func__sys_siglist=yes}
| ac_cv_func_a64l=${ac_cv_func_a64l=yes}
| ac_cv_func_abs=${ac_cv_func_abs=yes}
| ac_cv_func_access=${ac_cv_func_access=yes}
| ac_cv_func_alarm=${ac_cv_func_alarm=yes}
| ac_cv_func_alphasort=${ac_cv_func_alphasort=yes}
| ac_cv_func_argz_append=${ac_cv_func_argz_append=yes}
| ac_cv_func_argz_create_sep=${ac_cv_func_argz_create_sep=yes}
| ac_cv_func_argz_insert=${ac_cv_func_argz_insert=yes}
| ac_cv_func_argz_next=${ac_cv_func_argz_next=yes}
| ac_cv_func_argz_stringify=${ac_cv_func_argz_stringify=yes}
| ac_cv_func_asprintf=${ac_cv_func_asprintf=yes}
| ac_cv_func_atexit=${ac_cv_func_atexit=yes}
| ac_cv_func_atof=${ac_cv_func_atof=yes}
| ac_cv_func_atoi=${ac_cv_func_atoi=yes}
| ac_cv_func_bcmp=${ac_cv_func_bcmp=yes}
| ac_cv_func_bcopy=${ac_cv_func_bcopy=yes}
| ac_cv_func_bind_textdomain_codeset=${ac_cv_func_bind_textdomain_codeset=yes}
| ac_cv_func_bindresvport=${ac_cv_func_bindresvport=yes}
| ac_cv_func_btowc=${ac_cv_func_btowc=yes}
| ac_cv_func_bzero=${ac_cv_func_bzero=yes}
| ac_cv_func_calloc=${ac_cv_func_calloc=yes}
| ac_cv_func_canonicalize_file_name=${ac_cv_func_canonicalize_file_name=yes}
| ac_cv_func_catgets=${ac_cv_func_catgets=yes}
| ac_cv_func_cfgetospeed=${ac_cv_func_cfgetospeed=yes}
| ac_cv_func_cfsetispeed=${ac_cv_func_cfsetispeed=yes}
| ac_cv_func_cfsetspeed=${ac_cv_func_cfsetspeed=yes}
| ac_cv_func_chmod=${ac_cv_func_chmod=yes}
| ac_cv_func_chown=${ac_cv_func_chown=yes}
| ac_cv_func_chroot=${ac_cv_func_chroot=yes}
| ac_cv_func_clock=${ac_cv_func_clock=yes}
| ac_cv_func_close=${ac_cv_func_close=yes}
| ac_cv_func_closedir=${ac_cv_func_closedir=yes}
| ac_cv_func_closelog=${ac_cv_func_closelog=yes}
| ac_cv_func_confstr=${ac_cv_func_confstr=yes}
| ac_cv_func_connect=${ac_cv_func_connect=yes}
| ac_cv_func_daemon=${ac_cv_func_daemon=yes}
| ac_cv_func_dcgettext=${ac_cv_func_dcgettext=yes}
| ac_cv_func_difftime=${ac_cv_func_difftime=yes}
| ac_cv_func_dirfd=${ac_cv_func_dirfd=yes}
| ac_cv_func_dirname=${ac_cv_func_dirname=yes}
| ac_cv_func_dngettext=${ac_cv_func_dngettext=yes}
| ac_cv_func_dup2=${ac_cv_func_dup2=yes}
| ac_cv_func_ecvt=${ac_cv_func_ecvt=yes}
| ac_cv_func_endgrent=${ac_cv_func_endgrent=yes}
| ac_cv_func_endmntent=${ac_cv_func_endmntent=yes}
| ac_cv_func_endpwent=${ac_cv_func_endpwent=yes}
| ac_cv_func_endutent=${ac_cv_func_endutent=yes}
| ac_cv_func_endutxent=${ac_cv_func_endutxent=yes}
| ac_cv_func_epoll_ctl=${ac_cv_func_epoll_ctl=yes}
| ac_cv_func_err=${ac_cv_func_err=yes}
| ac_cv_func_ether_hostton=${ac_cv_func_ether_hostton=yes}
| ac_cv_func_ether_ntohost=${ac_cv_func_ether_ntohost=yes}
| ac_cv_func_euidaccess=${ac_cv_func_euidaccess=yes}
| ac_cv_func_execv=${ac_cv_func_execv=yes}
| ac_cv_func_fchdir=${ac_cv_func_fchdir=yes}
| ac_cv_func_fchmod=${ac_cv_func_fchmod=yes}
| ac_cv_func_fchmodat=${ac_cv_func_fchmodat=yes}
| ac_cv_func_fchown=${ac_cv_func_fchown=yes}
| ac_cv_func_fchownat=${ac_cv_func_fchownat=yes}
| ac_cv_func_fcntl=${ac_cv_func_fcntl=yes}
| ac_cv_func_fcvt=${ac_cv_func_fcvt=yes}
| ac_cv_func_fdatasync=${ac_cv_func_fdatasync=yes}
| ac_cv_func_fdopendir=${ac_cv_func_fdopendir=yes}
| ac_cv_func_feof_unlocked=${ac_cv_func_feof_unlocked=yes}
| ac_cv_func_fgets_unlocked=${ac_cv_func_fgets_unlocked=yes}
| ac_cv_func_fgetxattr=${ac_cv_func_fgetxattr=yes}
| ac_cv_func_finite=${ac_cv_func_finite=yes}
| ac_cv_func_flistxattr=${ac_cv_func_flistxattr=yes}
| ac_cv_func_flock=${ac_cv_func_flock=yes}
| ac_cv_func_flockfile=${ac_cv_func_flockfile=yes}
| ac_cv_func_fnmatch=${ac_cv_func_fnmatch=yes}
| ac_cv_func_fork=${ac_cv_func_fork=yes}
| ac_cv_func_fpathconf=${ac_cv_func_fpathconf=yes}
| ac_cv_func_fprintf=${ac_cv_func_fprintf=yes}
| ac_cv_func_free=${ac_cv_func_free=yes}
| ac_cv_func_freeaddrinfo=${ac_cv_func_freeaddrinfo=yes}
| ac_cv_func_freeifaddrs=${ac_cv_func_freeifaddrs=yes}
| ac_cv_func_fseeko=${ac_cv_func_fseeko=yes}
| ac_cv_func_fsetxattr=${ac_cv_func_fsetxattr=yes}
| ac_cv_func_fstat64=${ac_cv_func_fstat64=yes}
| ac_cv_func_fstat=${ac_cv_func_fstat=yes}
| ac_cv_func_fstatfs=${ac_cv_func_fstatfs=yes}
| ac_cv_func_fsync=${ac_cv_func_fsync=yes}
| ac_cv_func_ftello=${ac_cv_func_ftello=yes}
| ac_cv_func_ftime=${ac_cv_func_ftime=yes}
| ac_cv_func_ftruncate=${ac_cv_func_ftruncate=yes}
| ac_cv_func_funlockfile=${ac_cv_func_funlockfile=yes}
| ac_cv_func_futimes=${ac_cv_func_futimes=yes}
| ac_cv_func_futimesat=${ac_cv_func_futimesat=yes}
| ac_cv_func_gai_strerror=${ac_cv_func_gai_strerror=yes}
| ac_cv_func_gcvt=${ac_cv_func_gcvt=yes}
| ac_cv_func_getaddrinfo=${ac_cv_func_getaddrinfo=yes}
| ac_cv_func_getc_unlocked=${ac_cv_func_getc_unlocked=yes}
| ac_cv_func_getcwd=${ac_cv_func_getcwd=yes}
| ac_cv_func_getdelim=${ac_cv_func_getdelim=yes}
| ac_cv_func_getdomainname=${ac_cv_func_getdomainname=yes}
| ac_cv_func_getdtablesize=${ac_cv_func_getdtablesize=yes}
| ac_cv_func_getegid=${ac_cv_func_getegid=yes}
| ac_cv_func_getenv=${ac_cv_func_getenv=yes}
| ac_cv_func_geteuid=${ac_cv_func_geteuid=yes}
| ac_cv_func_getgid=${ac_cv_func_getgid=yes}
| ac_cv_func_getgrent=${ac_cv_func_getgrent=yes}
| ac_cv_func_getgrent_r=${ac_cv_func_getgrent_r=yes}
| ac_cv_func_getgrgid_r=${ac_cv_func_getgrgid_r=yes}
| ac_cv_func_getgrnam=${ac_cv_func_getgrnam=yes}
| ac_cv_func_getgrnam_r=${ac_cv_func_getgrnam_r=yes}
| ac_cv_func_getgrouplist=${ac_cv_func_getgrouplist=yes}
| ac_cv_func_getgroups=${ac_cv_func_getgroups=yes}
| ac_cv_func_gethostbyaddr_r=${ac_cv_func_gethostbyaddr_r=yes}
| ac_cv_func_gethostbyname2=${ac_cv_func_gethostbyname2=yes}
| ac_cv_func_gethostbyname=${ac_cv_func_gethostbyname=yes}
| ac_cv_func_gethostbyname_r=${ac_cv_func_gethostbyname_r=yes}
| ac_cv_func_gethostent=${ac_cv_func_gethostent=yes}
| ac_cv_func_gethostid=${ac_cv_func_gethostid=yes}
| ac_cv_func_gethostname=${ac_cv_func_gethostname=yes}
| ac_cv_func_getifaddrs=${ac_cv_func_getifaddrs=yes}
| ac_cv_func_getline=${ac_cv_func_getline=yes}
| ac_cv_func_getloadavg=${ac_cv_func_getloadavg=yes}
| ac_cv_func_getmntent=${ac_cv_func_getmntent=yes}
| ac_cv_func_getmsg=${ac_cv_func_getmsg=no}
| ac_cv_func_getnameinfo=${ac_cv_func_getnameinfo=yes}
| ac_cv_func_getnetbyaddr_r=${ac_cv_func_getnetbyaddr_r=yes}
| ac_cv_func_getnetgrent_r=${ac_cv_func_getnetgrent_r=yes}
| ac_cv_func_getopt=${ac_cv_func_getopt=yes}
| ac_cv_func_getopt_long=${ac_cv_func_getopt_long=yes}
| ac_cv_func_getopt_long_only=${ac_cv_func_getopt_long_only=yes}
| ac_cv_func_getpagesize=${ac_cv_func_getpagesize=yes}
| ac_cv_func_getpass=${ac_cv_func_getpass=yes}
| ac_cv_func_getpeername=${ac_cv_func_getpeername=yes}
| ac_cv_func_getpgrp=${ac_cv_func_getpgrp=yes}
| ac_cv_func_getpid=${ac_cv_func_getpid=yes}
| ac_cv_func_getppid=${ac_cv_func_getppid=yes}
| ac_cv_func_getprotoent_r=${ac_cv_func_getprotoent_r=yes}
| ac_cv_func_getpwent=${ac_cv_func_getpwent=yes}
| ac_cv_func_getpwent_r=${ac_cv_func_getpwent_r=yes}
| ac_cv_func_getpwnam=${ac_cv_func_getpwnam=yes}
| ac_cv_func_getpwnam_r=${ac_cv_func_getpwnam_r=yes}
| ac_cv_func_getpwuid=${ac_cv_func_getpwuid=yes}
| ac_cv_func_getpwuid_r=${ac_cv_func_getpwuid_r=yes}
| ac_cv_func_getresuid=${ac_cv_func_getresuid=yes}
| ac_cv_func_getrlimit=${ac_cv_func_getrlimit=yes}
| ac_cv_func_getrusage=${ac_cv_func_getrusage=yes}
| ac_cv_func_getservbyname=${ac_cv_func_getservbyname=yes}
| ac_cv_func_getservbyname_r=${ac_cv_func_getservbyname_r=yes}
| ac_cv_func_getservbyport_r=${ac_cv_func_getservbyport_r=yes}
| ac_cv_func_getservent=${ac_cv_func_getservent=yes}
| ac_cv_func_getservent_r=${ac_cv_func_getservent_r=yes}
| ac_cv_func_getspnam=${ac_cv_func_getspnam=yes}
| ac_cv_func_getspnam_r=${ac_cv_func_getspnam_r=yes}
| ac_cv_func_gettimeofday=${ac_cv_func_gettimeofday=yes}
| ac_cv_func_getttyent=${ac_cv_func_getttyent=yes}
| ac_cv_func_getttynam=${ac_cv_func_getttynam=yes}
| ac_cv_func_getuid=${ac_cv_func_getuid=yes}
| ac_cv_func_getusershell=${ac_cv_func_getusershell=yes}
| ac_cv_func_getutent=${ac_cv_func_getutent=yes}
| ac_cv_func_getutid=${ac_cv_func_getutid=yes}
| ac_cv_func_getutline=${ac_cv_func_getutline=yes}
| ac_cv_func_getutmp=${ac_cv_func_getutmp=yes}
| ac_cv_func_getutmpx=${ac_cv_func_getutmpx=yes}
| ac_cv_func_getutxent=${ac_cv_func_getutxent=yes}
| ac_cv_func_getutxid=${ac_cv_func_getutxid=yes}
| ac_cv_func_getutxline=${ac_cv_func_getutxline=yes}
| ac_cv_func_getwd=${ac_cv_func_getwd=yes}
| ac_cv_func_getxattr=${ac_cv_func_getxattr=yes}
| ac_cv_func_glob=${ac_cv_func_glob=yes}
| ac_cv_func_gmtime=${ac_cv_func_gmtime=yes}
| ac_cv_func_gmtime_r=${ac_cv_func_gmtime_r=yes}
| ac_cv_func_grantpt=${ac_cv_func_grantpt=yes}
| ac_cv_func_group_member=${ac_cv_func_group_member=yes}
| ac_cv_func_herror=${ac_cv_func_herror=yes}
| ac_cv_func_hstrerror=${ac_cv_func_hstrerror=yes}
| ac_cv_func_iconv=${ac_cv_func_iconv=yes}
| ac_cv_func_iconv_open=${ac_cv_func_iconv_open=yes}
| ac_cv_func_if_freenameindex=${ac_cv_func_if_freenameindex=yes}
| ac_cv_func_if_indextoname=${ac_cv_func_if_indextoname=yes}
| ac_cv_func_if_nameindex=${ac_cv_func_if_nameindex=yes}
| ac_cv_func_if_nametoindex=${ac_cv_func_if_nametoindex=yes}
| ac_cv_func_index=${ac_cv_func_index=yes}
| ac_cv_func_inet_addr=${ac_cv_func_inet_addr=yes}
| ac_cv_func_inet_aton=${ac_cv_func_inet_aton=yes}
| ac_cv_func_inet_ntoa=${ac_cv_func_inet_ntoa=yes}
| ac_cv_func_inet_ntop=${ac_cv_func_inet_ntop=yes}
| ac_cv_func_inet_pton=${ac_cv_func_inet_pton=yes}
| ac_cv_func_initgroups=${ac_cv_func_initgroups=yes}
| ac_cv_func_innetgr=${ac_cv_func_innetgr=yes}
| ac_cv_func_iruserok=${ac_cv_func_iruserok=yes}
| ac_cv_func_isascii=${ac_cv_func_isascii=yes}
| ac_cv_func_isatty=${ac_cv_func_isatty=yes}
| ac_cv_func_isblank=${ac_cv_func_isblank=yes}
| ac_cv_func_isgraph=${ac_cv_func_isgraph=yes}
| ac_cv_func_isinf=${ac_cv_func_isinf=yes}
| ac_cv_func_isnan=${ac_cv_func_isnan=yes}
| ac_cv_func_isprint=${ac_cv_func_isprint=yes}
| ac_cv_func_isspace=${ac_cv_func_isspace=yes}
| ac_cv_func_iswalnum=${ac_cv_func_iswalnum=yes}
| ac_cv_func_iswcntrl=${ac_cv_func_iswcntrl=yes}
| ac_cv_func_iswctype=${ac_cv_func_iswctype=yes}
| ac_cv_func_iswprint=${ac_cv_func_iswprint=yes}
| ac_cv_func_iswspace=${ac_cv_func_iswspace=yes}
| ac_cv_func_iswupper=${ac_cv_func_iswupper=yes}
| ac_cv_func_isxdigit=${ac_cv_func_isxdigit=yes}
| ac_cv_func_kill=${ac_cv_func_kill=yes}
| ac_cv_func_killpg=${ac_cv_func_killpg=yes}
| ac_cv_func_lchown=${ac_cv_func_lchown=yes}
| ac_cv_func_lckpwdf=${ac_cv_func_lckpwdf=yes}
| ac_cv_func_lgetxattr=${ac_cv_func_lgetxattr=yes}
| ac_cv_func_link=${ac_cv_func_link=yes}
| ac_cv_func_listxattr=${ac_cv_func_listxattr=yes}
| ac_cv_func_llistxattr=${ac_cv_func_llistxattr=yes}
| ac_cv_func_localtime=${ac_cv_func_localtime=yes}
| ac_cv_func_localtime_r=${ac_cv_func_localtime_r=yes}
| ac_cv_func_lockf=${ac_cv_func_lockf=yes}
| ac_cv_func_lrand48=${ac_cv_func_lrand48=yes}
| ac_cv_func_lsearch=${ac_cv_func_lsearch=yes}
| ac_cv_func_lseek64=${ac_cv_func_lseek64=yes}
| ac_cv_func_lsetxattr=${ac_cv_func_lsetxattr=yes}
| ac_cv_func_lstat=${ac_cv_func_lstat=yes}
| ac_cv_func_mallinfo=${ac_cv_func_mallinfo=yes}
| ac_cv_func_malloc=${ac_cv_func_malloc=yes}
| ac_cv_func_mblen=${ac_cv_func_mblen=yes}
| ac_cv_func_mbrlen=${ac_cv_func_mbrlen=yes}
| ac_cv_func_mbrtowc=${ac_cv_func_mbrtowc=yes}
| ac_cv_func_mbsinit=${ac_cv_func_mbsinit=yes}
| ac_cv_func_mbsrtowcs=${ac_cv_func_mbsrtowcs=yes}
| ac_cv_func_mbtowc=${ac_cv_func_mbtowc=yes}
| ac_cv_func_memalign=${ac_cv_func_memalign=yes}
| ac_cv_func_memchr=${ac_cv_func_memchr=yes}
| ac_cv_func_memcmp=${ac_cv_func_memcmp=yes}
| ac_cv_func_memcpy=${ac_cv_func_memcpy=yes}
| ac_cv_func_memmove=${ac_cv_func_memmove=yes}
| ac_cv_func_mempcpy=${ac_cv_func_mempcpy=yes}
| ac_cv_func_memrchr=${ac_cv_func_memrchr=yes}
| ac_cv_func_memset=${ac_cv_func_memset=yes}
| ac_cv_func_mkdir=${ac_cv_func_mkdir=yes}
| ac_cv_func_mkdirat=${ac_cv_func_mkdirat=yes}
| ac_cv_func_mkdtemp=${ac_cv_func_mkdtemp=yes}
| ac_cv_func_mkfifo=${ac_cv_func_mkfifo=yes}
| ac_cv_func_mknod=${ac_cv_func_mknod=yes}
| ac_cv_func_mkstemp64=${ac_cv_func_mkstemp64=yes}
| ac_cv_func_mkstemp=${ac_cv_func_mkstemp=yes}
| ac_cv_func_mktime=${ac_cv_func_mktime=yes}
| ac_cv_func_mlock=${ac_cv_func_mlock=yes}
| ac_cv_func_mmap=${ac_cv_func_mmap=yes}
| ac_cv_func_mtrace=${ac_cv_func_mtrace=yes}
| ac_cv_func_munlock=${ac_cv_func_munlock=yes}
| ac_cv_func_munmap=${ac_cv_func_munmap=yes}
| ac_cv_func_nanosleep=${ac_cv_func_nanosleep=yes}
| ac_cv_func_nice=${ac_cv_func_nice=yes}
| ac_cv_func_nl_langinfo=${ac_cv_func_nl_langinfo=yes}
| ac_cv_func_ntp_adjtime=${ac_cv_func_ntp_adjtime=yes}
| ac_cv_func_ntp_gettime=${ac_cv_func_ntp_gettime=yes}
| ac_cv_func_on_exit=${ac_cv_func_on_exit=yes}
| ac_cv_func_open64=${ac_cv_func_open64=yes}
| ac_cv_func_open=${ac_cv_func_open=yes}
| ac_cv_func_openat=${ac_cv_func_openat=yes}
| ac_cv_func_opendir=${ac_cv_func_opendir=yes}
| ac_cv_func_openlog=${ac_cv_func_openlog=yes}
| ac_cv_func_pathconf=${ac_cv_func_pathconf=yes}
| ac_cv_func_pipe=${ac_cv_func_pipe=yes}
| ac_cv_func_poll=${ac_cv_func_poll=yes}
| ac_cv_func_popen=${ac_cv_func_popen=yes}
| ac_cv_func_posix_memalign=${ac_cv_func_posix_memalign=yes}
| ac_cv_func_prctl=${ac_cv_func_prctl=yes}
| ac_cv_func_pread=${ac_cv_func_pread=yes}
| ac_cv_func_printf=${ac_cv_func_printf=yes}
| ac_cv_func_pselect=${ac_cv_func_pselect=yes}
| ac_cv_func_pthread_mutex_lock=${ac_cv_func_pthread_mutex_lock=yes}
| ac_cv_func_ptsname=${ac_cv_func_ptsname=yes}
| ac_cv_func_putenv=${ac_cv_func_putenv=yes}
| ac_cv_func_putgrent=${ac_cv_func_putgrent=yes}
| ac_cv_func_putpwent=${ac_cv_func_putpwent=yes}
| ac_cv_func_putspent=${ac_cv_func_putspent=yes}
| ac_cv_func_pututline=${ac_cv_func_pututline=yes}
| ac_cv_func_pututxline=${ac_cv_func_pututxline=yes}
| ac_cv_func_putwc=${ac_cv_func_putwc=yes}
| ac_cv_func_pwrite=${ac_cv_func_pwrite=yes}
| ac_cv_func_qsort=${ac_cv_func_qsort=yes}
| ac_cv_func_raise=${ac_cv_func_raise=yes}
| ac_cv_func_rand=${ac_cv_func_rand=yes}
| ac_cv_func_rand_r=${ac_cv_func_rand_r=yes}
| ac_cv_func_random=${ac_cv_func_random=yes}
| ac_cv_func_re_comp=${ac_cv_func_re_comp=yes}
| ac_cv_func_re_exec=${ac_cv_func_re_exec=yes}
| ac_cv_func_re_search=${ac_cv_func_re_search=yes}
| ac_cv_func_read=${ac_cv_func_read=yes}
| ac_cv_func_readdir=${ac_cv_func_readdir=yes}
| ac_cv_func_readdir_r=${ac_cv_func_readdir_r=yes}
| ac_cv_func_readlink=${ac_cv_func_readlink=yes}
| ac_cv_func_realloc=${ac_cv_func_realloc=yes}
| ac_cv_func_realpath=${ac_cv_func_realpath=yes}
| ac_cv_func_recvmsg=${ac_cv_func_recvmsg=yes}
| ac_cv_func_regcomp=${ac_cv_func_regcomp=yes}
| ac_cv_func_regexec=${ac_cv_func_regexec=yes}
| ac_cv_func_remove=${ac_cv_func_remove=yes}
| ac_cv_func_rename=${ac_cv_func_rename=yes}
| ac_cv_func_rmdir=${ac_cv_func_rmdir=yes}
| ac_cv_func_rpmatch=${ac_cv_func_rpmatch=yes}
| ac_cv_func_rresvport_af=${ac_cv_func_rresvport_af=yes}
| ac_cv_func_ruserok=${ac_cv_func_ruserok=yes}
| ac_cv_func_ruserok_af=${ac_cv_func_ruserok_af=yes}
| ac_cv_func_sbrk=${ac_cv_func_sbrk=yes}
| ac_cv_func_scandir=${ac_cv_func_scandir=yes}
| ac_cv_func_sched_setscheduler=${ac_cv_func_sched_setscheduler=yes}
| ac_cv_func_sched_yield=${ac_cv_func_sched_yield=yes}
| ac_cv_func_select=${ac_cv_func_select=yes}
| ac_cv_func_semctl=${ac_cv_func_semctl=yes}
| ac_cv_func_semget=${ac_cv_func_semget=yes}
| ac_cv_func_sendmsg=${ac_cv_func_sendmsg=yes}
| ac_cv_func_setbuf=${ac_cv_func_setbuf=yes}
| ac_cv_func_setbuffer=${ac_cv_func_setbuffer=yes}
| ac_cv_func_setegid=${ac_cv_func_setegid=yes}
| ac_cv_func_setenv=${ac_cv_func_setenv=yes}
| ac_cv_func_seteuid=${ac_cv_func_seteuid=yes}
| ac_cv_func_setgid=${ac_cv_func_setgid=yes}
| ac_cv_func_setgroups=${ac_cv_func_setgroups=yes}
| ac_cv_func_sethostname=${ac_cv_func_sethostname=yes}
| ac_cv_func_setitimer=${ac_cv_func_setitimer=yes}
| ac_cv_func_setjmp=${ac_cv_func_setjmp=yes}
| ac_cv_func_setlinebuf=${ac_cv_func_setlinebuf=yes}
| ac_cv_func_setlocale=${ac_cv_func_setlocale=yes}
| ac_cv_func_setmntent=${ac_cv_func_setmntent=yes}
| ac_cv_func_setpgid=${ac_cv_func_setpgid=yes}
| ac_cv_func_setpgrp=${ac_cv_func_setpgrp=yes}
| ac_cv_func_setpriority=${ac_cv_func_setpriority=yes}
| ac_cv_func_setregid=${ac_cv_func_setregid=yes}
| ac_cv_func_setresgid=${ac_cv_func_setresgid=yes}
| ac_cv_func_setresuid=${ac_cv_func_setresuid=yes}
| ac_cv_func_setreuid=${ac_cv_func_setreuid=yes}
| ac_cv_func_setrlimit=${ac_cv_func_setrlimit=yes}
| ac_cv_func_setsid=${ac_cv_func_setsid=yes}
| ac_cv_func_setsockopt=${ac_cv_func_setsockopt=yes}
| ac_cv_func_settimeofday=${ac_cv_func_settimeofday=yes}
| ac_cv_func_setuid=${ac_cv_func_setuid=yes}
| ac_cv_func_setutent=${ac_cv_func_setutent=yes}
| ac_cv_func_setutxent=${ac_cv_func_setutxent=yes}
| ac_cv_func_setvbuf=${ac_cv_func_setvbuf=yes}
| ac_cv_func_setxattr=${ac_cv_func_setxattr=yes}
| ac_cv_func_sgetspent=${ac_cv_func_sgetspent=yes}
| ac_cv_func_shmat=${ac_cv_func_shmat=yes}
| ac_cv_func_shmctl=${ac_cv_func_shmctl=yes}
| ac_cv_func_shmdt=${ac_cv_func_shmdt=yes}
| ac_cv_func_shmget=${ac_cv_func_shmget=yes}
| ac_cv_func_shutdown=${ac_cv_func_shutdown=yes}
| ac_cv_func_sigaction=${ac_cv_func_sigaction=yes}
| ac_cv_func_sigaddset=${ac_cv_func_sigaddset=yes}
| ac_cv_func_sigaltstack=${ac_cv_func_sigaltstack=yes}
| ac_cv_func_sigblock=${ac_cv_func_sigblock=yes}
| ac_cv_func_sigemptyset=${ac_cv_func_sigemptyset=yes}
| ac_cv_func_sighold=${ac_cv_func_sighold=yes}
| ac_cv_func_siginterrupt=${ac_cv_func_siginterrupt=yes}
| ac_cv_func_signal=${ac_cv_func_signal=yes}
| ac_cv_func_sigprocmask=${ac_cv_func_sigprocmask=yes}
| ac_cv_func_sigset=${ac_cv_func_sigset=yes}
| ac_cv_func_sigsetmask=${ac_cv_func_sigsetmask=yes}
| ac_cv_func_sigstack=${ac_cv_func_sigstack=yes}
| ac_cv_func_sigsuspend=${ac_cv_func_sigsuspend=yes}
| ac_cv_func_sigvec=${ac_cv_func_sigvec=no}
| ac_cv_func_snprintf=${ac_cv_func_snprintf=yes}
| ac_cv_func_socket=${ac_cv_func_socket=yes}
| ac_cv_func_socketpair=${ac_cv_func_socketpair=yes}
| ac_cv_func_sprintf=${ac_cv_func_sprintf=yes}
| ac_cv_func_srand48=${ac_cv_func_srand48=yes}
| ac_cv_func_srand=${ac_cv_func_srand=yes}
| ac_cv_func_srandom=${ac_cv_func_srandom=yes}
| ac_cv_func_sscanf=${ac_cv_func_sscanf=yes}
| ac_cv_func_stat=${ac_cv_func_stat=yes}
| ac_cv_func_statfs=${ac_cv_func_statfs=yes}
| ac_cv_func_statvfs=${ac_cv_func_statvfs=yes}
| ac_cv_func_stime=${ac_cv_func_stime=yes}
| ac_cv_func_stpcpy=${ac_cv_func_stpcpy=yes}
| ac_cv_func_strcasecmp=${ac_cv_func_strcasecmp=yes}
| ac_cv_func_strcasestr=${ac_cv_func_strcasestr=yes}
| ac_cv_func_strchr=${ac_cv_func_strchr=yes}
| ac_cv_func_strchrnul=${ac_cv_func_strchrnul=yes}
| ac_cv_func_strcmp=${ac_cv_func_strcmp=yes}
| ac_cv_func_strcspn=${ac_cv_func_strcspn=yes}
| ac_cv_func_strdup=${ac_cv_func_strdup=yes}
| ac_cv_func_strerror=${ac_cv_func_strerror=yes}
| ac_cv_func_strerror_r=${ac_cv_func_strerror_r=yes}
| ac_cv_func_strftime=${ac_cv_func_strftime=yes}
| ac_cv_func_strlen=${ac_cv_func_strlen=yes}
| ac_cv_func_strncasecmp=${ac_cv_func_strncasecmp=yes}
| ac_cv_func_strncmp=${ac_cv_func_strncmp=yes}
| ac_cv_func_strndup=${ac_cv_func_strndup=yes}
| ac_cv_func_strnlen=${ac_cv_func_strnlen=yes}
| ac_cv_func_strpbrk=${ac_cv_func_strpbrk=yes}
| ac_cv_func_strptime=${ac_cv_func_strptime=yes}
| ac_cv_func_strrchr=${ac_cv_func_strrchr=yes}
| ac_cv_func_strsep=${ac_cv_func_strsep=yes}
| ac_cv_func_strsignal=${ac_cv_func_strsignal=yes}
| ac_cv_func_strspn=${ac_cv_func_strspn=yes}
| ac_cv_func_strstr=${ac_cv_func_strstr=yes}
| ac_cv_func_strtod=${ac_cv_func_strtod=yes}
| ac_cv_func_strtoimax=${ac_cv_func_strtoimax=yes}
| ac_cv_func_strtok_r=${ac_cv_func_strtok_r=yes}
| ac_cv_func_strtol=${ac_cv_func_strtol=yes}
| ac_cv_func_strtoll=${ac_cv_func_strtoll=yes}
| ac_cv_func_strtoul=${ac_cv_func_strtoul=yes}
| ac_cv_func_strtoull=${ac_cv_func_strtoull=yes}
| ac_cv_func_strtoumax=${ac_cv_func_strtoumax=yes}
| ac_cv_func_strverscmp=${ac_cv_func_strverscmp=yes}
| ac_cv_func_strxfrm=${ac_cv_func_strxfrm=yes}
| ac_cv_func_symlink=${ac_cv_func_symlink=yes}
| ac_cv_func_sync=${ac_cv_func_sync=yes}
| ac_cv_func_sys_siglist=${ac_cv_func_sys_siglist=yes}
| ac_cv_func_sysconf=${ac_cv_func_sysconf=yes}
| ac_cv_func_sysctl=${ac_cv_func_sysctl=yes}
| ac_cv_func_sysinfo=${ac_cv_func_sysinfo=yes}
| ac_cv_func_syslog=${ac_cv_func_syslog=yes}
| ac_cv_func_system=${ac_cv_func_system=yes}
| ac_cv_func_tcgetattr=${ac_cv_func_tcgetattr=yes}
| ac_cv_func_tcgetpgrp=${ac_cv_func_tcgetpgrp=yes}
| ac_cv_func_tcsetattr=${ac_cv_func_tcsetattr=yes}
| ac_cv_func_tcsetpgrp=${ac_cv_func_tcsetpgrp=yes}
| ac_cv_func_time=${ac_cv_func_time=yes}
| ac_cv_func_timegm=${ac_cv_func_timegm=yes}
| ac_cv_func_times=${ac_cv_func_times=yes}
| ac_cv_func_timezone=${ac_cv_func_timezone=yes}
| ac_cv_func_tmpnam=${ac_cv_func_tmpnam=yes}
| ac_cv_func_towlower=${ac_cv_func_towlower=yes}
| ac_cv_func_towupper=${ac_cv_func_towupper=yes}
| ac_cv_func_truncate=${ac_cv_func_truncate=yes}
| ac_cv_func_tsearch=${ac_cv_func_tsearch=yes}
| ac_cv_func_ttyname=${ac_cv_func_ttyname=yes}
| ac_cv_func_tzset=${ac_cv_func_tzset=yes}
| ac_cv_func_ulimit=${ac_cv_func_ulimit=yes}
| ac_cv_func_umask=${ac_cv_func_umask=yes}
| ac_cv_func_uname=${ac_cv_func_uname=yes}
| ac_cv_func_unlink=${ac_cv_func_unlink=yes}
| ac_cv_func_unsetenv=${ac_cv_func_unsetenv=yes}
| ac_cv_func_unshare=${ac_cv_func_unshare=yes}
| ac_cv_func_updwtmp=${ac_cv_func_updwtmp=yes}
| ac_cv_func_updwtmpx=${ac_cv_func_updwtmpx=yes}
| ac_cv_func_usleep=${ac_cv_func_usleep=yes}
| ac_cv_func_ustat=${ac_cv_func_ustat=yes}
| ac_cv_func_utime=${ac_cv_func_utime=yes}
| ac_cv_func_utimes=${ac_cv_func_utimes=yes}
| ac_cv_func_utmpname=${ac_cv_func_utmpname=yes}
| ac_cv_func_utmpxname=${ac_cv_func_utmpxname=yes}
| ac_cv_func_valloc=${ac_cv_func_valloc=yes}
| ac_cv_func_vasprintf=${ac_cv_func_vasprintf=yes}
| ac_cv_func_verrx=${ac_cv_func_verrx=yes}
| ac_cv_func_vfork=${ac_cv_func_vfork=yes}
| ac_cv_func_vfprintf=${ac_cv_func_vfprintf=yes}
| ac_cv_func_vfscanf=${ac_cv_func_vfscanf=yes}
| ac_cv_func_vhangup=${ac_cv_func_vhangup=yes}
| ac_cv_func_vprintf=${ac_cv_func_vprintf=yes}
| ac_cv_func_vsnprintf=${ac_cv_func_vsnprintf=yes}
| ac_cv_func_vsprintf=${ac_cv_func_vsprintf=yes}
| ac_cv_func_wait3=${ac_cv_func_wait3=yes}
| ac_cv_func_wait4=${ac_cv_func_wait4=yes}
| ac_cv_func_waitpid=${ac_cv_func_waitpid=yes}
| ac_cv_func_wcrtomb=${ac_cv_func_wcrtomb=yes}
| ac_cv_func_wcscoll=${ac_cv_func_wcscoll=yes}
| ac_cv_func_wcsdup=${ac_cv_func_wcsdup=yes}
| ac_cv_func_wcslen=${ac_cv_func_wcslen=yes}
| ac_cv_func_wctob=${ac_cv_func_wctob=yes}
| ac_cv_func_wctomb=${ac_cv_func_wctomb=yes}
| ac_cv_func_wctype=${ac_cv_func_wctype=yes}
| ac_cv_func_wcwidth=${ac_cv_func_wcwidth=yes}
| ac_cv_func_wmemchr=${ac_cv_func_wmemchr=yes}
| ac_cv_func_wmemcpy=${ac_cv_func_wmemcpy=yes}
| ac_cv_func_wmempcpy=${ac_cv_func_wmempcpy=yes}
| ac_cv_header_aio_h=${ac_cv_header_aio_h=yes}
| ac_cv_header_alloca_h=${ac_cv_header_alloca_h=yes}
| ac_cv_header_argz_h=${ac_cv_header_argz_h=yes}
| ac_cv_header_arpa_inet_h=${ac_cv_header_arpa_inet_h=yes}
| ac_cv_header_arpa_nameser_h=${ac_cv_header_arpa_nameser_h=yes}
| ac_cv_header_asm_byteorder_h=${ac_cv_header_asm_byteorder_h=yes}
| ac_cv_header_asm_ioctls_h=${ac_cv_header_asm_ioctls_h=yes}
| ac_cv_header_asm_page_h=${ac_cv_header_asm_page_h=no}
| ac_cv_header_asm_types_h=${ac_cv_header_asm_types_h=yes}
| ac_cv_header_assert_h=${ac_cv_header_assert_h=yes}
| ac_cv_header_byteswap_h=${ac_cv_header_byteswap_h=yes}
| ac_cv_header_crypt_h=${ac_cv_header_crypt_h=yes}
| ac_cv_header_ctype_h=${ac_cv_header_ctype_h=yes}
| ac_cv_header_dirent_h=${ac_cv_header_dirent_h=yes}
| ac_cv_header_dlfcn_h=${ac_cv_header_dlfcn_h=yes}
| ac_cv_header_elf_h=${ac_cv_header_elf_h=yes}
| ac_cv_header_endian_h=${ac_cv_header_endian_h=yes}
| ac_cv_header_err_h=${ac_cv_header_err_h=yes}
| ac_cv_header_errno_h=${ac_cv_header_errno_h=yes}
| ac_cv_header_execinfo_h=${ac_cv_header_execinfo_h=yes}
| ac_cv_header_fcntl_h=${ac_cv_header_fcntl_h=yes}
| ac_cv_header_features_h=${ac_cv_header_features_h=yes}
| ac_cv_header_float_h=${ac_cv_header_float_h=yes}
| ac_cv_header_fstab_h=${ac_cv_header_fstab_h=yes}
| ac_cv_header_ftw_h=${ac_cv_header_ftw_h=yes}
| ac_cv_header_getopt_h=${ac_cv_header_getopt_h=yes}
| ac_cv_header_glob_h=${ac_cv_header_glob_h=yes}
| ac_cv_header_grp_h=${ac_cv_header_grp_h=yes}
| ac_cv_header_iconv_h=${ac_cv_header_iconv_h=yes}
| ac_cv_header_ifaddrs_h=${ac_cv_header_ifaddrs_h=yes}
| ac_cv_header_inttypes_h=${ac_cv_header_inttypes_h=yes}
| ac_cv_header_langinfo_h=${ac_cv_header_langinfo_h=yes}
| ac_cv_header_lastlog_h=${ac_cv_header_lastlog_h=yes}
| ac_cv_header_libgen_h=${ac_cv_header_libgen_h=yes}
| ac_cv_header_libintl_h=${ac_cv_header_libintl_h=yes}
| ac_cv_header_limits_h=${ac_cv_header_limits_h=yes}
| ac_cv_header_linux_capability_h=${ac_cv_header_linux_capability_h=yes}
| ac_cv_header_linux_fd_h=${ac_cv_header_linux_fd_h=yes}
| ac_cv_header_linux_fs_h=${ac_cv_header_linux_fs_h=yes}
| ac_cv_header_linux_hayesesp_h=${ac_cv_header_linux_hayesesp_h=no}
| ac_cv_header_linux_hdreg_h=${ac_cv_header_linux_hdreg_h=yes}
| ac_cv_header_linux_icmp_h=${ac_cv_header_linux_icmp_h=yes}
| ac_cv_header_linux_in6_h=${ac_cv_header_linux_in6_h=yes}
| ac_cv_header_linux_joystick_h=${ac_cv_header_linux_joystick_h=yes}
| ac_cv_header_linux_ptrace_h=${ac_cv_header_linux_ptrace_h=yes}
| ac_cv_header_linux_serial_h=${ac_cv_header_linux_serial_h=yes}
| ac_cv_header_linux_sonypi_h=${ac_cv_header_linux_sonypi_h=yes}
| ac_cv_header_linux_unistd_h=${ac_cv_header_linux_unistd_h=yes}
| ac_cv_header_linux_utsname_h=${ac_cv_header_linux_utsname_h=yes}
| ac_cv_header_linux_version_h=${ac_cv_header_linux_version_h=yes}
| ac_cv_header_locale_h=${ac_cv_header_locale_h=yes}
| ac_cv_header_malloc_h=${ac_cv_header_malloc_h=yes}
| ac_cv_header_math_h=${ac_cv_header_math_h=yes}
| ac_cv_header_mcheck_h=${ac_cv_header_mcheck_h=yes}
| ac_cv_header_memory_h=${ac_cv_header_memory_h=yes}
| ac_cv_header_mntent_h=${ac_cv_header_mntent_h=yes}
| ac_cv_header_mqueue_h=${ac_cv_header_mqueue_h=yes}
| ac_cv_header_net_if_h=${ac_cv_header_net_if_h=yes}
| ac_cv_header_net_route_h=${ac_cv_header_net_route_h=yes}
| ac_cv_header_netdb_h=${ac_cv_header_netdb_h=yes}
| ac_cv_header_netinet_ether_h=${ac_cv_header_netinet_ether_h=yes}
| ac_cv_header_netinet_in_h=${ac_cv_header_netinet_in_h=yes}
| ac_cv_header_netinet_ip6_h=${ac_cv_header_netinet_ip6_h=yes}
| ac_cv_header_netinet_ip_h=${ac_cv_header_netinet_ip_h=yes}
| ac_cv_header_netinet_tcp_h=${ac_cv_header_netinet_tcp_h=yes}
| ac_cv_header_netinet_udp_h=${ac_cv_header_netinet_udp_h=yes}
| ac_cv_header_netipx_ipx_h=${ac_cv_header_netipx_ipx_h=yes}
| ac_cv_header_paths_h=${ac_cv_header_paths_h=yes}
| ac_cv_header_poll_h=${ac_cv_header_poll_h=yes}
| ac_cv_header_pthread_h=${ac_cv_header_pthread_h=yes}
| ac_cv_header_pty_h=${ac_cv_header_pty_h=yes}
| ac_cv_header_pwd_h=${ac_cv_header_pwd_h=yes}
| ac_cv_header_regex_h=${ac_cv_header_regex_h=yes}
| ac_cv_header_resolv_h=${ac_cv_header_resolv_h=yes}
| ac_cv_header_rpc_rpc_h=${ac_cv_header_rpc_rpc_h=yes}
| ac_cv_header_rpc_types_h=${ac_cv_header_rpc_types_h=yes}
| ac_cv_header_sched_h=${ac_cv_header_sched_h=yes}
| ac_cv_header_scsi_scsi_h=${ac_cv_header_scsi_scsi_h=yes}
| ac_cv_header_search_h=${ac_cv_header_search_h=yes}
| ac_cv_header_semaphore_h=${ac_cv_header_semaphore_h=yes}
| ac_cv_header_setjmp_h=${ac_cv_header_setjmp_h=yes}
| ac_cv_header_sgtty_h=${ac_cv_header_sgtty_h=yes}
| ac_cv_header_shadow_h=${ac_cv_header_shadow_h=yes}
| ac_cv_header_signal_h=${ac_cv_header_signal_h=yes}
| ac_cv_header_stdarg_h=${ac_cv_header_stdarg_h=yes}
| ac_cv_header_stdbool_h=${ac_cv_header_stdbool_h=yes}
| ac_cv_header_stdc=${ac_cv_header_stdc=yes}
| ac_cv_header_stddef_h=${ac_cv_header_stddef_h=yes}
| ac_cv_header_stdint_h=${ac_cv_header_stdint_h=yes}
| ac_cv_header_stdio_h=${ac_cv_header_stdio_h=yes}
| ac_cv_header_stdlib_h=${ac_cv_header_stdlib_h=yes}
| ac_cv_header_string_h=${ac_cv_header_string_h=yes}
| ac_cv_header_strings_h=${ac_cv_header_strings_h=yes}
| ac_cv_header_stropts_h=${ac_cv_header_stropts_h=yes}
| ac_cv_header_sys_bitypes_h=${ac_cv_header_sys_bitypes_h=yes}
| ac_cv_header_sys_cdefs_h=${ac_cv_header_sys_cdefs_h=yes}
| ac_cv_header_sys_dir_h=${ac_cv_header_sys_dir_h=yes}
| ac_cv_header_sys_epoll_h=${ac_cv_header_sys_epoll_h=yes}
| ac_cv_header_sys_fcntl_h=${ac_cv_header_sys_fcntl_h=yes}
| ac_cv_header_sys_file_h=${ac_cv_header_sys_file_h=yes}
| ac_cv_header_sys_fsuid_h=${ac_cv_header_sys_fsuid_h=yes}
| ac_cv_header_sys_ioctl_h=${ac_cv_header_sys_ioctl_h=yes}
| ac_cv_header_sys_ipc_h=${ac_cv_header_sys_ipc_h=yes}
| ac_cv_header_sys_mman_h=${ac_cv_header_sys_mman_h=yes}
| ac_cv_header_sys_mount_h=${ac_cv_header_sys_mount_h=yes}
| ac_cv_header_sys_mtio_h=${ac_cv_header_sys_mtio_h=yes}
| ac_cv_header_sys_param_h=${ac_cv_header_sys_param_h=yes}
| ac_cv_header_sys_poll_h=${ac_cv_header_sys_poll_h=yes}
| ac_cv_header_sys_prctl_h=${ac_cv_header_sys_prctl_h=yes}
| ac_cv_header_sys_ptrace_h=${ac_cv_header_sys_ptrace_h=yes}
| ac_cv_header_sys_queue_h=${ac_cv_header_sys_queue_h=yes}
| ac_cv_header_sys_reg_h=${ac_cv_header_sys_reg_h=no}
| ac_cv_header_sys_resource_h=${ac_cv_header_sys_resource_h=yes}
| ac_cv_header_sys_select_h=${ac_cv_header_sys_select_h=yes}
| ac_cv_header_sys_sem_h=${ac_cv_header_sys_sem_h=yes}
| ac_cv_header_sys_shm_h=${ac_cv_header_sys_shm_h=yes}
| ac_cv_header_sys_signal_h=${ac_cv_header_sys_signal_h=yes}
| ac_cv_header_sys_socket_h=${ac_cv_header_sys_socket_h=yes}
| ac_cv_header_sys_socketvar_h=${ac_cv_header_sys_socketvar_h=yes}
| ac_cv_header_sys_soundcard_h=${ac_cv_header_sys_soundcard_h=yes}
| ac_cv_header_sys_stat_h=${ac_cv_header_sys_stat_h=yes}
| ac_cv_header_sys_statfs_h=${ac_cv_header_sys_statfs_h=yes}
| ac_cv_header_sys_statvfs_h=${ac_cv_header_sys_statvfs_h=yes}
| ac_cv_header_sys_stropts_h=${ac_cv_header_sys_stropts_h=yes}
| ac_cv_header_sys_swap_h=${ac_cv_header_sys_swap_h=yes}
| ac_cv_header_sys_sysctl_h=${ac_cv_header_sys_sysctl_h=yes}
| ac_cv_header_sys_sysinfo_h=${ac_cv_header_sys_sysinfo_h=yes}
| ac_cv_header_sys_sysmacros_h=${ac_cv_header_sys_sysmacros_h=yes}
| ac_cv_header_sys_termios_h=${ac_cv_header_sys_termios_h=yes}
| ac_cv_header_sys_time_h=${ac_cv_header_sys_time_h=yes}
| ac_cv_header_sys_timeb_h=${ac_cv_header_sys_timeb_h=yes}
| ac_cv_header_sys_times_h=${ac_cv_header_sys_times_h=yes}
| ac_cv_header_sys_timex_h=${ac_cv_header_sys_timex_h=yes}
| ac_cv_header_sys_types_h=${ac_cv_header_sys_types_h=yes}
| ac_cv_header_sys_uio_h=${ac_cv_header_sys_uio_h=yes}
| ac_cv_header_sys_un_h=${ac_cv_header_sys_un_h=yes}
| ac_cv_header_sys_unistd_h=${ac_cv_header_sys_unistd_h=yes}
| ac_cv_header_sys_user_h=${ac_cv_header_sys_user_h=yes}
| ac_cv_header_sys_utsname_h=${ac_cv_header_sys_utsname_h=yes}
| ac_cv_header_sys_vfs_h=${ac_cv_header_sys_vfs_h=yes}
| ac_cv_header_sys_wait_h=${ac_cv_header_sys_wait_h=yes}
| ac_cv_header_sysexits_h=${ac_cv_header_sysexits_h=yes}
| ac_cv_header_syslog_h=${ac_cv_header_syslog_h=yes}
| ac_cv_header_termio_h=${ac_cv_header_termio_h=yes}
| ac_cv_header_termios_h=${ac_cv_header_termios_h=yes}
| ac_cv_header_time_h=${ac_cv_header_time_h=yes}
| ac_cv_header_ttyent_h=${ac_cv_header_ttyent_h=yes}
| ac_cv_header_ulimit_h=${ac_cv_header_ulimit_h=yes}
| ac_cv_header_unistd_h=${ac_cv_header_unistd_h=yes}
| ac_cv_header_ustat_h=${ac_cv_header_ustat_h=yes}
| ac_cv_header_utime_h=${ac_cv_header_utime_h=yes}
| ac_cv_header_utmp_h=${ac_cv_header_utmp_h=yes}
| ac_cv_header_utmpx_h=${ac_cv_header_utmpx_h=yes}
| ac_cv_header_values_h=${ac_cv_header_values_h=yes}
| ac_cv_header_wchar_h=${ac_cv_header_wchar_h=yes}
| ac_cv_header_wctype_h=${ac_cv_header_wctype_h=yes}
| ac_cv_sizeof_char=${ac_cv_sizeof_char=1}
| ac_cv_sizeof_char_p=${ac_cv_sizeof_char_p=4}
| ac_cv_sizeof_double=${ac_cv_sizeof_double=8}
| ac_cv_sizeof_float=${ac_cv_sizeof_float=4}
| ac_cv_sizeof_int=${ac_cv_sizeof_int=4}
| ac_cv_sizeof_long=${ac_cv_sizeof_long=4}
| ac_cv_sizeof_long_double=${ac_cv_sizeof_long_double=8}
| ac_cv_sizeof_long_int=${ac_cv_sizeof_long_int=4}
| ac_cv_sizeof_long_long=${ac_cv_sizeof_long_long=8}
| ac_cv_sizeof_long_long_int=${ac_cv_sizeof_long_long_int=8}
| ac_cv_sizeof_short=${ac_cv_sizeof_short=2}
| ac_cv_sizeof_short_int=${ac_cv_sizeof_short_int=2}
| ac_cv_sizeof_signed_char=${ac_cv_sizeof_signed_char=1}
| ac_cv_sizeof_unsigned_char=${ac_cv_sizeof_unsigned_char=1}
| ac_cv_sizeof_unsigned_int=${ac_cv_sizeof_unsigned_int=4}
| ac_cv_sizeof_unsigned_long=${ac_cv_sizeof_unsigned_long=4}
| ac_cv_sizeof_unsigned_long_int=${ac_cv_sizeof_unsigned_long_int=4}
| ac_cv_sizeof_unsigned_long_long_int=${ac_cv_sizeof_unsigned_long_long_int=8}
| ac_cv_sizeof_unsigned_short=${ac_cv_sizeof_unsigned_short=2}
| ac_cv_sizeof_unsigned_short_int=${ac_cv_sizeof_unsigned_short_int=2}
| ac_cv_sizeof_void_p=${ac_cv_sizeof_void_p=4}
| ac_cv_header_X=${ac_cv_header_X=no}
| ac_cv_header__CC=${ac_cv_header__CC=no}
| ac_cv_header__CFLAGS=${ac_cv_header__CFLAGS=no}
| ac_cv_header__CPPFLAGS=${ac_cv_header__CPPFLAGS=no}
| ac_cv_header___5=${ac_cv_header___5=no}
| ac_cv_header__c=${ac_cv_header__c=no}
| ac_cv_header_conftest__ac_ext=${ac_cv_header_conftest__ac_ext=no}
| ac_cv_header_curses_h=${ac_cv_header_curses_h=yes}
| ac_cv_header_inttypes_h=${ac_cv_header_inttypes_h=yes}
| ac_cv_header_memory_h=${ac_cv_header_memory_h=yes}
| ac_cv_header_ncurses_curses_h=${ac_cv_header_ncurses_curses_h=no}
| ac_cv_header_ncurses_h=${ac_cv_header_ncurses_h=yes}
| ac_cv_header_ncurses_termcap_h=${ac_cv_header_ncurses_termcap_h=no}
| ac_cv_header_stdc=${ac_cv_header_stdc=yes}
| ac_cv_header_stdint_h=${ac_cv_header_stdint_h=yes}
| ac_cv_header_stdlib_h=${ac_cv_header_stdlib_h=yes}
| ac_cv_header_string_h=${ac_cv_header_string_h=yes}
| ac_cv_header_strings_h=${ac_cv_header_strings_h=yes}
| ac_cv_header_sys_stat_h=${ac_cv_header_sys_stat_h=yes}
| ac_cv_header_sys_types_h=${ac_cv_header_sys_types_h=yes}
| ac_cv_header_unistd_h=${ac_cv_header_unistd_h=yes}
configure:2159: checking for a BSD-compatible install
configure:2227: result: /usr/bin/install -c
configure:2238: checking whether build environment is sane
configure:2293: result: yes
configure:2352: checking for arm-poky-linux-gnueabi-strip
configure:2379: result: arm-poky-linux-gnueabi-strip
configure:2444: checking for a thread-safe mkdir -p
configure:2483: result: /bin/mkdir -p
configure:2490: checking for gawk
configure:2506: found /usr/bin/gawk
configure:2517: result: gawk
configure:2528: checking whether make sets $(MAKE)
configure:2550: result: yes
configure:2579: checking whether make supports nested variables
configure:2596: result: yes
configure:2756: checking build system type
configure:2770: result: x86_64-pc-linux-gnu
configure:2790: checking host system type
configure:2803: result: arm-poky-linux-gnueabi
configure:2844: checking how to print strings
configure:2871: result: printf
configure:2904: checking for style of include used by make
configure:2932: result: GNU
configure:2963: checking for arm-poky-linux-gnueabi-gcc
configure:2990: result: arm-poky-linux-gnueabi-gcc  -march=armv5e -marm  -mthumb-interwork --sysroot=/home/summer/test-yocto/qemuarm
configure:3259: checking for C compiler version
configure:3268: arm-poky-linux-gnueabi-gcc  -march=armv5e -marm  -mthumb-interwork --sysroot=/home/summer/test-yocto/qemuarm --version >&5
arm-poky-linux-gnueabi-gcc (GCC) 4.9.2
Copyright (C) 2014 Free Software Foundation, Inc.
This is free software; see the source for copying conditions.  There is NO
warranty; not even for MERCHANTABILITY or FITNESS FOR A PARTICULAR PURPOSE.

configure:3279: $? = 0
configure:3268: arm-poky-linux-gnueabi-gcc  -march=armv5e -marm  -mthumb-interwork --sysroot=/home/summer/test-yocto/qemuarm -v >&5
Using built-in specs.
COLLECT_GCC=arm-poky-linux-gnueabi-gcc
COLLECT_LTO_WRAPPER=/opt/poky/1.8/sysroots/x86_64-pokysdk-linux/usr/libexec/arm-poky-linux-gnueabi/gcc/arm-poky-linux-gnueabi/4.9.2/lto-wrapper
Target: arm-poky-linux-gnueabi
Configured with: /home/pokybuild/yocto-autobuilder/yocto-worker/nightly-fsl-arm/build/build/tmp/work-shared/gcc-4.9.2-r0/gcc-4.9.2/configure --build=x86_64-linux --host=x86_64-pokysdk-linux --target=arm-poky-linux-gnueabi --prefix=/opt/poky/1.8/sysroots/x86_64-pokysdk-linux/usr --exec_prefix=/opt/poky/1.8/sysroots/x86_64-pokysdk-linux/usr --bindir=/opt/poky/1.8/sysroots/x86_64-pokysdk-linux/usr/bin/arm-poky-linux-gnueabi --sbindir=/opt/poky/1.8/sysroots/x86_64-pokysdk-linux/usr/bin/arm-poky-linux-gnueabi --libexecdir=/opt/poky/1.8/sysroots/x86_64-pokysdk-linux/usr/libexec/arm-poky-linux-gnueabi --datadir=/opt/poky/1.8/sysroots/x86_64-pokysdk-linux/usr/share --sysconfdir=/opt/poky/1.8/sysroots/x86_64-pokysdk-linux/etc --sharedstatedir=/opt/poky/1.8/sysroots/x86_64-pokysdk-linux/com --localstatedir=/opt/poky/1.8/sysroots/x86_64-pokysdk-linux/var --libdir=/opt/poky/1.8/sysroots/x86_64-pokysdk-linux/usr/lib/arm-poky-linux-gnueabi --includedir=/opt/poky/1.8/sysroots/x86_64-pokysdk-linux/usr/include --oldincludedir=/opt/poky/1.8/sysroots/x86_64-pokysdk-linux/usr/include --infodir=/opt/poky/1.8/sysroots/x86_64-pokysdk-linux/usr/share/info --mandir=/opt/poky/1.8/sysroots/x86_64-pokysdk-linux/usr/share/man --disable-silent-rules --disable-dependency-tracking --with-libtool-sysroot=/home/pokybuild/yocto-autobuilder/yocto-worker/nightly-fsl-arm/build/build/tmp/sysroots/x86_64-nativesdk-pokysdk-linux --with-gnu-ld --enable-shared --enable-languages=c,c++ --enable-threads=posix --enable-multilib --enable-c99 --enable-long-long --enable-symvers=gnu --enable-libstdcxx-pch --program-prefix=arm-poky-linux-gnueabi- --without-local-prefix --enable-target-optspace --enable-lto --enable-libssp --disable-bootstrap --disable-libmudflap --with-system-zlib --with-linker-hash-style=gnu --enable-linker-build-id --with-ppl=no --with-cloog=no --enable-checking=release --enable-cheaders=c_global --with-gxx-include-dir=/not/exist/usr/include/c++/4.9.2 --with-build-time-tools=/home/pokybuild/yocto-autobuilder/yocto-worker/nightly-fsl-arm/build/build/tmp/sysroots/x86_64-linux/usr/arm-poky-linux-gnueabi/bin --with-sysroot=/not/exist --with-build-sysroot=/home/pokybuild/yocto-autobuilder/yocto-worker/nightly-fsl-arm/build/build/tmp/sysroots/imx53qsb --enable-poison-system-directories --with-mpfr=/home/pokybuild/yocto-autobuilder/yocto-worker/nightly-fsl-arm/build/build/tmp/sysroots/x86_64-nativesdk-pokysdk-linux --with-mpc=/home/pokybuild/yocto-autobuilder/yocto-worker/nightly-fsl-arm/build/build/tmp/sysroots/x86_64-nativesdk-pokysdk-linux --enable-nls --with-arch=armv7-a
Thread model: posix
gcc version 4.9.2 (GCC) 
configure:3279: $? = 0
configure:3268: arm-poky-linux-gnueabi-gcc  -march=armv5e -marm  -mthumb-interwork --sysroot=/home/summer/test-yocto/qemuarm -V >&5
arm-poky-linux-gnueabi-gcc: error: unrecognized command line option '-V'
arm-poky-linux-gnueabi-gcc: fatal error: no input files
compilation terminated.
configure:3279: $? = 1
configure:3268: arm-poky-linux-gnueabi-gcc  -march=armv5e -marm  -mthumb-interwork --sysroot=/home/summer/test-yocto/qemuarm -qversion >&5
arm-poky-linux-gnueabi-gcc: error: unrecognized command line option '-qversion'
arm-poky-linux-gnueabi-gcc: fatal error: no input files
compilation terminated.
configure:3279: $? = 1
configure:3299: checking whether the C compiler works
configure:3321: arm-poky-linux-gnueabi-gcc  -march=armv5e -marm  -mthumb-interwork --sysroot=/home/summer/test-yocto/qemuarm  -g -O0  --sysroot=/home/summer/test-yocto/qemuarm  --sysroot=/home/summer/test-yocto/qemuarm  --sysroot=/home/summer/test-yocto/qemuarm conftest.c  >&5
configure:3325: $? = 0
configure:3373: result: yes
configure:3376: checking for C compiler default output file name
configure:3378: result: a.out
configure:3384: checking for suffix of executables
configure:3391: arm-poky-linux-gnueabi-gcc  -march=armv5e -marm  -mthumb-interwork --sysroot=/home/summer/test-yocto/qemuarm -o conftest  -g -O0  --sysroot=/home/summer/test-yocto/qemuarm  --sysroot=/home/summer/test-yocto/qemuarm  --sysroot=/home/summer/test-yocto/qemuarm conftest.c  >&5
configure:3395: $? = 0
configure:3417: result: 
configure:3439: checking whether we are cross compiling
configure:3477: result: yes
configure:3482: checking for suffix of object files
configure:3504: arm-poky-linux-gnueabi-gcc  -march=armv5e -marm  -mthumb-interwork --sysroot=/home/summer/test-yocto/qemuarm -c  -g -O0  --sysroot=/home/summer/test-yocto/qemuarm  --sysroot=/home/summer/test-yocto/qemuarm conftest.c >&5
configure:3508: $? = 0
configure:3529: result: o
configure:3533: checking whether we are using the GNU C compiler
configure:3552: arm-poky-linux-gnueabi-gcc  -march=armv5e -marm  -mthumb-interwork --sysroot=/home/summer/test-yocto/qemuarm -c  -g -O0  --sysroot=/home/summer/test-yocto/qemuarm  --sysroot=/home/summer/test-yocto/qemuarm conftest.c >&5
configure:3552: $? = 0
configure:3561: result: yes
configure:3570: checking whether arm-poky-linux-gnueabi-gcc  -march=armv5e -marm  -mthumb-interwork --sysroot=/home/summer/test-yocto/qemuarm accepts -g
configure:3590: arm-poky-linux-gnueabi-gcc  -march=armv5e -marm  -mthumb-interwork --sysroot=/home/summer/test-yocto/qemuarm -c -g  --sysroot=/home/summer/test-yocto/qemuarm conftest.c >&5
configure:3590: $? = 0
configure:3631: result: yes
configure:3648: checking for arm-poky-linux-gnueabi-gcc  -march=armv5e -marm  -mthumb-interwork --sysroot=/home/summer/test-yocto/qemuarm option to accept ISO C89
configure:3711: arm-poky-linux-gnueabi-gcc  -march=armv5e -marm  -mthumb-interwork --sysroot=/home/summer/test-yocto/qemuarm  -c  -g -O0  --sysroot=/home/summer/test-yocto/qemuarm  --sysroot=/home/summer/test-yocto/qemuarm conftest.c >&5
configure:3711: $? = 0
configure:3724: result: none needed
configure:3749: checking whether arm-poky-linux-gnueabi-gcc  -march=armv5e -marm  -mthumb-interwork --sysroot=/home/summer/test-yocto/qemuarm understands -c and -o together
configure:3771: arm-poky-linux-gnueabi-gcc  -march=armv5e -marm  -mthumb-interwork --sysroot=/home/summer/test-yocto/qemuarm -c conftest.c -o conftest2.o
configure:3774: $? = 0
configure:3771: arm-poky-linux-gnueabi-gcc  -march=armv5e -marm  -mthumb-interwork --sysroot=/home/summer/test-yocto/qemuarm -c conftest.c -o conftest2.o
configure:3774: $? = 0
configure:3786: result: yes
configure:3805: checking dependency style of arm-poky-linux-gnueabi-gcc  -march=armv5e -marm  -mthumb-interwork --sysroot=/home/summer/test-yocto/qemuarm
configure:3916: result: gcc3
configure:3931: checking for a sed that does not truncate output
configure:3995: result: sed
configure:4013: checking for grep that handles long lines and -e
configure:4071: result: /bin/grep
configure:4076: checking for egrep
configure:4138: result: /bin/grep -E
configure:4143: checking for fgrep
configure:4205: result: /bin/grep -F
configure:4240: checking for ld used by arm-poky-linux-gnueabi-gcc  -march=armv5e -marm  -mthumb-interwork --sysroot=/home/summer/test-yocto/qemuarm
configure:4307: result: arm-poky-linux-gnueabi-ld  --sysroot=/home/summer/test-yocto/qemuarm
configure:4314: checking if the linker (arm-poky-linux-gnueabi-ld  --sysroot=/home/summer/test-yocto/qemuarm) is GNU ld
configure:4329: result: yes
configure:4341: checking for BSD- or MS-compatible name lister (nm)
configure:4395: result: arm-poky-linux-gnueabi-nm
configure:4525: checking the name lister (arm-poky-linux-gnueabi-nm) interface
configure:4532: arm-poky-linux-gnueabi-gcc  -march=armv5e -marm  -mthumb-interwork --sysroot=/home/summer/test-yocto/qemuarm -c  -g -O0  --sysroot=/home/summer/test-yocto/qemuarm  --sysroot=/home/summer/test-yocto/qemuarm conftest.c >&5
configure:4535: arm-poky-linux-gnueabi-nm "conftest.o"
configure:4538: output
00000000 B some_variable
configure:4545: result: BSD nm
configure:4548: checking whether ln -s works
configure:4552: result: yes
configure:4560: checking the maximum length of command line arguments
configure:4691: result: 1572864
configure:4739: checking how to convert x86_64-pc-linux-gnu file names to arm-poky-linux-gnueabi format
configure:4779: result: func_convert_file_noop
configure:4786: checking how to convert x86_64-pc-linux-gnu file names to toolchain format
configure:4806: result: func_convert_file_noop
configure:4813: checking for arm-poky-linux-gnueabi-ld  --sysroot=/home/summer/test-yocto/qemuarm option to reload object files
configure:4820: result: -r
configure:4854: checking for arm-poky-linux-gnueabi-objdump
configure:4881: result: arm-poky-linux-gnueabi-objdump
configure:4953: checking how to recognize dependent libraries
configure:5153: result: pass_all
configure:5198: checking for arm-poky-linux-gnueabi-dlltool
configure:5228: result: no
configure:5238: checking for dlltool
configure:5268: result: no
configure:5298: checking how to associate runtime and link libraries
configure:5325: result: printf %s\n
configure:5342: checking for arm-poky-linux-gnueabi-ar
configure:5369: result: arm-poky-linux-gnueabi-ar
configure:5450: checking for archiver @FILE support
configure:5467: arm-poky-linux-gnueabi-gcc  -march=armv5e -marm  -mthumb-interwork --sysroot=/home/summer/test-yocto/qemuarm -c  -g -O0  --sysroot=/home/summer/test-yocto/qemuarm  --sysroot=/home/summer/test-yocto/qemuarm conftest.c >&5
configure:5467: $? = 0
configure:5470: arm-poky-linux-gnueabi-ar cru libconftest.a @conftest.lst >&5
configure:5473: $? = 0
configure:5478: arm-poky-linux-gnueabi-ar cru libconftest.a @conftest.lst >&5
arm-poky-linux-gnueabi-ar: conftest.o: No such file or directory
configure:5481: $? = 1
configure:5493: result: @
configure:5511: checking for arm-poky-linux-gnueabi-strip
configure:5538: result: arm-poky-linux-gnueabi-strip
configure:5610: checking for arm-poky-linux-gnueabi-ranlib
configure:5637: result: arm-poky-linux-gnueabi-ranlib
configure:5779: checking command to parse arm-poky-linux-gnueabi-nm output from arm-poky-linux-gnueabi-gcc  -march=armv5e -marm  -mthumb-interwork --sysroot=/home/summer/test-yocto/qemuarm object
configure:5932: arm-poky-linux-gnueabi-gcc  -march=armv5e -marm  -mthumb-interwork --sysroot=/home/summer/test-yocto/qemuarm -c  -g -O0  --sysroot=/home/summer/test-yocto/qemuarm  --sysroot=/home/summer/test-yocto/qemuarm conftest.c >&5
configure:5935: $? = 0
configure:5939: arm-poky-linux-gnueabi-nm conftest.o \| sed -n -e 's/^.*[ ]\([ABCDGIRSTW][ABCDGIRSTW]*\)[ ][ ]*\([_A-Za-z][_A-Za-z0-9]*\)$/\1 \2 \2/p' | sed '/ __gnu_lto/d' \> conftest.nm
configure:5942: $? = 0
configure:6008: arm-poky-linux-gnueabi-gcc  -march=armv5e -marm  -mthumb-interwork --sysroot=/home/summer/test-yocto/qemuarm -o conftest  -g -O0  --sysroot=/home/summer/test-yocto/qemuarm  --sysroot=/home/summer/test-yocto/qemuarm  --sysroot=/home/summer/test-yocto/qemuarm conftest.c conftstm.o >&5
configure:6011: $? = 0
configure:6049: result: ok
configure:6096: checking for sysroot
configure:6131: result: /home/summer/test-yocto/qemuarm
configure:6138: checking for a working dd
configure:6176: result: /bin/dd
configure:6180: checking how to truncate binary pipes
configure:6195: result: /bin/dd bs=4096 count=1
configure:6484: checking for arm-poky-linux-gnueabi-mt
configure:6514: result: no
configure:6524: checking for mt
configure:6540: found /bin/mt
configure:6551: result: mt
configure:6563: WARNING: using cross tools not prefixed with host triplet
configure:6574: checking if mt is a manifest tool
configure:6580: mt '-?'
configure:6588: result: no
configure:7265: checking how to run the C preprocessor
configure:7335: result: arm-poky-linux-gnueabi-gcc -E  -march=armv5e -marm  -mthumb-interwork --sysroot=/home/summer/test-yocto/qemuarm
configure:7355: arm-poky-linux-gnueabi-gcc -E  -march=armv5e -marm  -mthumb-interwork --sysroot=/home/summer/test-yocto/qemuarm  --sysroot=/home/summer/test-yocto/qemuarm conftest.c
configure:7355: $? = 0
configure:7369: arm-poky-linux-gnueabi-gcc -E  -march=armv5e -marm  -mthumb-interwork --sysroot=/home/summer/test-yocto/qemuarm  --sysroot=/home/summer/test-yocto/qemuarm conftest.c
conftest.c:11:28: fatal error: ac_nonexistent.h: No such file or directory
 #include <ac_nonexistent.h>
                            ^
compilation terminated.
configure:7369: $? = 1
configure: failed program was:
| /* confdefs.h */
| #define PACKAGE_NAME "UartTest"
| #define PACKAGE_TARNAME "uarttest"
| #define PACKAGE_VERSION "0.1.0"
| #define PACKAGE_STRING "UartTest 0.1.0"
| #define PACKAGE_BUGREPORT ""
| #define PACKAGE_URL ""
| #define PACKAGE "UartTest"
| #define VERSION "0.1.0"
| /* end confdefs.h.  */
| #include <ac_nonexistent.h>
configure:7398: checking for ANSI C header files
configure:7502: result: yes
configure:7515: checking for sys/types.h
configure:7515: result: yes
configure:7515: checking for sys/stat.h
configure:7515: result: yes
configure:7515: checking for stdlib.h
configure:7515: result: yes
configure:7515: checking for string.h
configure:7515: result: yes
configure:7515: checking for memory.h
configure:7515: result: yes
configure:7515: checking for strings.h
configure:7515: result: yes
configure:7515: checking for inttypes.h
configure:7515: result: yes
configure:7515: checking for stdint.h
configure:7515: result: yes
configure:7515: checking for unistd.h
configure:7515: result: yes
configure:7529: checking for dlfcn.h
configure:7529: result: yes
configure:7786: checking for objdir
configure:7801: result: .libs
configure:8061: checking if arm-poky-linux-gnueabi-gcc  -march=armv5e -marm  -mthumb-interwork --sysroot=/home/summer/test-yocto/qemuarm supports -fno-rtti -fno-exceptions
configure:8079: arm-poky-linux-gnueabi-gcc  -march=armv5e -marm  -mthumb-interwork --sysroot=/home/summer/test-yocto/qemuarm -c  -g -O0  --sysroot=/home/summer/test-yocto/qemuarm  --sysroot=/home/summer/test-yocto/qemuarm -fno-rtti -fno-exceptions conftest.c >&5
cc1: warning: command line option '-fno-rtti' is valid for C++/ObjC++ but not for C
configure:8083: $? = 0
configure:8096: result: no
configure:8454: checking for arm-poky-linux-gnueabi-gcc  -march=armv5e -marm  -mthumb-interwork --sysroot=/home/summer/test-yocto/qemuarm option to produce PIC
configure:8461: result: -fPIC -DPIC
configure:8469: checking if arm-poky-linux-gnueabi-gcc  -march=armv5e -marm  -mthumb-interwork --sysroot=/home/summer/test-yocto/qemuarm PIC flag -fPIC -DPIC works
configure:8487: arm-poky-linux-gnueabi-gcc  -march=armv5e -marm  -mthumb-interwork --sysroot=/home/summer/test-yocto/qemuarm -c  -g -O0  --sysroot=/home/summer/test-yocto/qemuarm  --sysroot=/home/summer/test-yocto/qemuarm -fPIC -DPIC -DPIC conftest.c >&5
configure:8491: $? = 0
configure:8504: result: yes
configure:8533: checking if arm-poky-linux-gnueabi-gcc  -march=armv5e -marm  -mthumb-interwork --sysroot=/home/summer/test-yocto/qemuarm static flag -static works
configure:8561: result: no
configure:8576: checking if arm-poky-linux-gnueabi-gcc  -march=armv5e -marm  -mthumb-interwork --sysroot=/home/summer/test-yocto/qemuarm supports -c -o file.o
configure:8597: arm-poky-linux-gnueabi-gcc  -march=armv5e -marm  -mthumb-interwork --sysroot=/home/summer/test-yocto/qemuarm -c  -g -O0  --sysroot=/home/summer/test-yocto/qemuarm  --sysroot=/home/summer/test-yocto/qemuarm -o out/conftest2.o conftest.c >&5
configure:8601: $? = 0
configure:8623: result: yes
configure:8631: checking if arm-poky-linux-gnueabi-gcc  -march=armv5e -marm  -mthumb-interwork --sysroot=/home/summer/test-yocto/qemuarm supports -c -o file.o
configure:8678: result: yes
configure:8711: checking whether the arm-poky-linux-gnueabi-gcc  -march=armv5e -marm  -mthumb-interwork --sysroot=/home/summer/test-yocto/qemuarm linker (arm-poky-linux-gnueabi-ld  --sysroot=/home/summer/test-yocto/qemuarm) supports shared libraries
configure:9970: result: yes
configure:10007: checking whether -lc should be explicitly linked in
configure:10015: arm-poky-linux-gnueabi-gcc  -march=armv5e -marm  -mthumb-interwork --sysroot=/home/summer/test-yocto/qemuarm -c  -g -O0  --sysroot=/home/summer/test-yocto/qemuarm  --sysroot=/home/summer/test-yocto/qemuarm conftest.c >&5
configure:10018: $? = 0
configure:10033: arm-poky-linux-gnueabi-gcc  -march=armv5e -marm  -mthumb-interwork --sysroot=/home/summer/test-yocto/qemuarm -shared  -fPIC -DPIC conftest.o  -v -Wl,-soname -Wl,conftest -o conftest 2\>\&1 \| /bin/grep  -lc  \>/dev/null 2\>\&1
configure:10036: $? = 0
configure:10050: result: no
configure:10210: checking dynamic linker characteristics
configure:10791: arm-poky-linux-gnueabi-gcc  -march=armv5e -marm  -mthumb-interwork --sysroot=/home/summer/test-yocto/qemuarm -o conftest  -g -O0  --sysroot=/home/summer/test-yocto/qemuarm  --sysroot=/home/summer/test-yocto/qemuarm  --sysroot=/home/summer/test-yocto/qemuarm -Wl,-rpath -Wl,/foo conftest.c  >&5
configure:10791: $? = 0
configure:11028: result: GNU/Linux ld.so
configure:11150: checking how to hardcode library paths into programs
configure:11175: result: immediate
configure:11723: checking whether stripping libraries is possible
configure:11728: result: yes
configure:11763: checking if libtool supports shared libraries
configure:11765: result: yes
configure:11768: checking whether to build shared libraries
configure:11793: result: yes
configure:11796: checking whether to build static libraries
configure:11800: result: yes
configure:11954: checking that generated files are newer than configure
configure:11960: result: done
configure:11983: creating ./config.status

## ---------------------- ##
## Running config.status. ##
## ---------------------- ##

This file was extended by UartTest config.status 0.1.0, which was
generated by GNU Autoconf 2.69.  Invocation command line was

  CONFIG_FILES    = 
  CONFIG_HEADERS  = 
  CONFIG_LINKS    = 
  CONFIG_COMMANDS = 
  $ ./config.status 

on summer-ThinkPad-X230

config.status:1086: creating Makefile
config.status:1086: creating src/Makefile
config.status:1086: creating config.h
config.status:1315: executing depfiles commands
config.status:1315: executing libtool commands

## ---------------- ##
## Cache variables. ##
## ---------------- ##

ac_cv___va_copy=yes
ac_cv_af_unix_large_dgram=yes
ac_cv_alignof_CORBA_boolean=1
ac_cv_alignof_CORBA_char=1
ac_cv_alignof_CORBA_double=8
ac_cv_alignof_CORBA_float=4
ac_cv_alignof_CORBA_long=4
ac_cv_alignof_CORBA_long_double=8
ac_cv_alignof_CORBA_long_long=8
ac_cv_alignof_CORBA_octet=1
ac_cv_alignof_CORBA_pointer=8
ac_cv_alignof_CORBA_short=2
ac_cv_alignof_CORBA_struct=1
ac_cv_alignof_CORBA_wchar=2
ac_cv_alignof_char=1
ac_cv_alignof_dbind_pointer=8
ac_cv_alignof_dbind_struct=1
ac_cv_alignof_dbus_bool_t=4
ac_cv_alignof_dbus_int16_t=2
ac_cv_alignof_dbus_int32_t=4
ac_cv_alignof_dbus_int64_t=8
ac_cv_alignof_double=8
ac_cv_alignof_guint32=4
ac_cv_alignof_guint64=8
ac_cv_alignof_unsigned_long=8
ac_cv_buggy_getaddrinfo=no
ac_cv_build=x86_64-pc-linux-gnu
ac_cv_c_bigendian=no
ac_cv_c_compiler_gnu=yes
ac_cv_c_endian=little
ac_cv_c_littleendian=yes
ac_cv_check_sjlj=ssjlj
ac_cv_conv_longlong_to_float=yes
ac_cv_env_CC_set=set
ac_cv_env_CC_value='arm-poky-linux-gnueabi-gcc  -march=armv5e -marm  -mthumb-interwork --sysroot=/home/summer/test-yocto/qemuarm'
ac_cv_env_CFLAGS_set=set
ac_cv_env_CFLAGS_value=' -g -O0  --sysroot=/home/summer/test-yocto/qemuarm'
ac_cv_env_CPPFLAGS_set=set
ac_cv_env_CPPFLAGS_value=' --sysroot=/home/summer/test-yocto/qemuarm'
ac_cv_env_CPP_set=set
ac_cv_env_CPP_value='arm-poky-linux-gnueabi-gcc -E  -march=armv5e -marm  -mthumb-interwork --sysroot=/home/summer/test-yocto/qemuarm'
ac_cv_env_LDFLAGS_set=set
ac_cv_env_LDFLAGS_value=' --sysroot=/home/summer/test-yocto/qemuarm'
ac_cv_env_LIBS_set=
ac_cv_env_LIBS_value=
ac_cv_env_LT_SYS_LIBRARY_PATH_set=
ac_cv_env_LT_SYS_LIBRARY_PATH_value=
ac_cv_env_build_alias_set=set
ac_cv_env_build_alias_value=x86_64-linux
ac_cv_env_host_alias_set=set
ac_cv_env_host_alias_value=arm-poky-linux-gnueabi
ac_cv_env_target_alias_set=set
ac_cv_env_target_alias_value=arm-poky-linux-gnueabi
ac_cv_epoll_works=yes
ac_cv_file__dev_random=yes
ac_cv_file__dev_zero=yes
ac_cv_func___adjtimex=yes
ac_cv_func___argz_count=yes
ac_cv_func___argz_next=yes
ac_cv_func___argz_stringify=yes
ac_cv_func___ashldi3=no
ac_cv_func___ashrdi3=no
ac_cv_func___bswapdi2=no
ac_cv_func___bswapsi2=no
ac_cv_func___fpending=yes
ac_cv_func___fsetlocking=yes
ac_cv_func___lshrdi3=no
ac_cv_func___progname=yes
ac_cv_func___secure_getenv=no
ac_cv_func___trampoline_setup=no
ac_cv_func___ucmpdi2=no
ac_cv_func___va_copy=yes
ac_cv_func__obstack_free=yes
ac_cv_func__restgpr_14_x=no
ac_cv_func__setjmp=yes
ac_cv_func__sys_siglist=yes
ac_cv_func_a64l=yes
ac_cv_func_abs=yes
ac_cv_func_access=yes
ac_cv_func_alarm=yes
ac_cv_func_alphasort=yes
ac_cv_func_argz_append=yes
ac_cv_func_argz_create_sep=yes
ac_cv_func_argz_insert=yes
ac_cv_func_argz_next=yes
ac_cv_func_argz_stringify=yes
ac_cv_func_asprintf=yes
ac_cv_func_atexit=yes
ac_cv_func_atof=yes
ac_cv_func_atoi=yes
ac_cv_func_bcmp=yes
ac_cv_func_bcopy=yes
ac_cv_func_bind_textdomain_codeset=yes
ac_cv_func_bindresvport=yes
ac_cv_func_btowc=yes
ac_cv_func_bzero=yes
ac_cv_func_calloc=yes
ac_cv_func_canonicalize_file_name=yes
ac_cv_func_catgets=yes
ac_cv_func_cfgetospeed=yes
ac_cv_func_cfsetispeed=yes
ac_cv_func_cfsetspeed=yes
ac_cv_func_chmod=yes
ac_cv_func_chown=yes
ac_cv_func_chroot=yes
ac_cv_func_clock=yes
ac_cv_func_close=yes
ac_cv_func_closedir=yes
ac_cv_func_closelog=yes
ac_cv_func_confstr=yes
ac_cv_func_connect=yes
ac_cv_func_daemon=yes
ac_cv_func_dcgettext=yes
ac_cv_func_difftime=yes
ac_cv_func_dirfd=yes
ac_cv_func_dirname=yes
ac_cv_func_dngettext=yes
ac_cv_func_dup2=yes
ac_cv_func_ecvt=yes
ac_cv_func_endgrent=yes
ac_cv_func_endmntent=yes
ac_cv_func_endpwent=yes
ac_cv_func_endutent=yes
ac_cv_func_endutxent=yes
ac_cv_func_epoll_ctl=yes
ac_cv_func_err=yes
ac_cv_func_ether_hostton=yes
ac_cv_func_ether_ntohost=yes
ac_cv_func_euidaccess=yes
ac_cv_func_execv=yes
ac_cv_func_fchdir=yes
ac_cv_func_fchmod=yes
ac_cv_func_fchmodat=yes
ac_cv_func_fchown=yes
ac_cv_func_fchownat=yes
ac_cv_func_fcntl=yes
ac_cv_func_fcvt=yes
ac_cv_func_fdatasync=yes
ac_cv_func_fdopendir=yes
ac_cv_func_feof_unlocked=yes
ac_cv_func_fgets_unlocked=yes
ac_cv_func_fgetxattr=yes
ac_cv_func_finite=yes
ac_cv_func_flistxattr=yes
ac_cv_func_flock=yes
ac_cv_func_flockfile=yes
ac_cv_func_fnmatch=yes
ac_cv_func_fork=yes
ac_cv_func_fpathconf=yes
ac_cv_func_fprintf=yes
ac_cv_func_free=yes
ac_cv_func_freeaddrinfo=yes
ac_cv_func_freeifaddrs=yes
ac_cv_func_fseeko=yes
ac_cv_func_fsetxattr=yes
ac_cv_func_fstat64=yes
ac_cv_func_fstat=yes
ac_cv_func_fstatfs=yes
ac_cv_func_fsync=yes
ac_cv_func_ftello=yes
ac_cv_func_ftime=yes
ac_cv_func_ftruncate=yes
ac_cv_func_funlockfile=yes
ac_cv_func_futimes=yes
ac_cv_func_futimesat=yes
ac_cv_func_gai_strerror=yes
ac_cv_func_gcvt=yes
ac_cv_func_getaddrinfo=yes
ac_cv_func_getc_unlocked=yes
ac_cv_func_getcwd=yes
ac_cv_func_getdelim=yes
ac_cv_func_getdomainname=yes
ac_cv_func_getdtablesize=yes
ac_cv_func_getegid=yes
ac_cv_func_getenv=yes
ac_cv_func_geteuid=yes
ac_cv_func_getgid=yes
ac_cv_func_getgrent=yes
ac_cv_func_getgrent_r=yes
ac_cv_func_getgrgid_r=yes
ac_cv_func_getgrnam=yes
ac_cv_func_getgrnam_r=yes
ac_cv_func_getgrouplist=yes
ac_cv_func_getgroups=yes
ac_cv_func_gethostbyaddr_r=yes
ac_cv_func_gethostbyname2=yes
ac_cv_func_gethostbyname=yes
ac_cv_func_gethostbyname_r=yes
ac_cv_func_gethostent=yes
ac_cv_func_gethostid=yes
ac_cv_func_gethostname=yes
ac_cv_func_getifaddrs=yes
ac_cv_func_getline=yes
ac_cv_func_getloadavg=yes
ac_cv_func_getmntent=yes
ac_cv_func_getmsg=no
ac_cv_func_getnameinfo=yes
ac_cv_func_getnetbyaddr_r=yes
ac_cv_func_getnetgrent_r=yes
ac_cv_func_getopt=yes
ac_cv_func_getopt_long=yes
ac_cv_func_getopt_long_only=yes
ac_cv_func_getpagesize=yes
ac_cv_func_getpass=yes
ac_cv_func_getpeername=yes
ac_cv_func_getpgrp=yes
ac_cv_func_getpgrp_void=yes
ac_cv_func_getpid=yes
ac_cv_func_getppid=yes
ac_cv_func_getprotoent_r=yes
ac_cv_func_getpwent=yes
ac_cv_func_getpwent_r=yes
ac_cv_func_getpwnam=yes
ac_cv_func_getpwnam_r=yes
ac_cv_func_getpwuid=yes
ac_cv_func_getpwuid_r=yes
ac_cv_func_getresuid=yes
ac_cv_func_getrlimit=yes
ac_cv_func_getrusage=yes
ac_cv_func_getservbyname=yes
ac_cv_func_getservbyname_r=yes
ac_cv_func_getservbyport_r=yes
ac_cv_func_getservent=yes
ac_cv_func_getservent_r=yes
ac_cv_func_getspnam=yes
ac_cv_func_getspnam_r=yes
ac_cv_func_gettimeofday=yes
ac_cv_func_getttyent=yes
ac_cv_func_getttynam=yes
ac_cv_func_getuid=yes
ac_cv_func_getusershell=yes
ac_cv_func_getutent=yes
ac_cv_func_getutid=yes
ac_cv_func_getutline=yes
ac_cv_func_getutmp=yes
ac_cv_func_getutmpx=yes
ac_cv_func_getutxent=yes
ac_cv_func_getutxid=yes
ac_cv_func_getutxline=yes
ac_cv_func_getwd=yes
ac_cv_func_getxattr=yes
ac_cv_func_glob=yes
ac_cv_func_gmtime=yes
ac_cv_func_gmtime_r=yes
ac_cv_func_grantpt=yes
ac_cv_func_group_member=yes
ac_cv_func_herror=yes
ac_cv_func_hstrerror=yes
ac_cv_func_iconv=yes
ac_cv_func_iconv_open=yes
ac_cv_func_if_freenameindex=yes
ac_cv_func_if_indextoname=yes
ac_cv_func_if_nameindex=yes
ac_cv_func_if_nametoindex=yes
ac_cv_func_index=yes
ac_cv_func_inet_addr=yes
ac_cv_func_inet_aton=yes
ac_cv_func_inet_ntoa=yes
ac_cv_func_inet_ntop=yes
ac_cv_func_inet_pton=yes
ac_cv_func_initgroups=yes
ac_cv_func_innetgr=yes
ac_cv_func_iruserok=yes
ac_cv_func_isascii=yes
ac_cv_func_isatty=yes
ac_cv_func_isblank=yes
ac_cv_func_isgraph=yes
ac_cv_func_isinf=yes
ac_cv_func_isnan=yes
ac_cv_func_isprint=yes
ac_cv_func_isspace=yes
ac_cv_func_iswalnum=yes
ac_cv_func_iswcntrl=yes
ac_cv_func_iswctype=yes
ac_cv_func_iswprint=yes
ac_cv_func_iswspace=yes
ac_cv_func_iswupper=yes
ac_cv_func_isxdigit=yes
ac_cv_func_kill=yes
ac_cv_func_killpg=yes
ac_cv_func_lchown=yes
ac_cv_func_lckpwdf=yes
ac_cv_func_lgetxattr=yes
ac_cv_func_link=yes
ac_cv_func_listxattr=yes
ac_cv_func_llistxattr=yes
ac_cv_func_localtime=yes
ac_cv_func_localtime_r=yes
ac_cv_func_lockf=yes
ac_cv_func_lrand48=yes
ac_cv_func_lsearch=yes
ac_cv_func_lseek64=yes
ac_cv_func_lsetxattr=yes
ac_cv_func_lstat=yes
ac_cv_func_lstat_dereferences_slashed_symlink=yes
ac_cv_func_lstat_empty_string_bug=no
ac_cv_func_mallinfo=yes
ac_cv_func_malloc=yes
ac_cv_func_malloc_0_nonnull=yes
ac_cv_func_malloc_works=yes
ac_cv_func_mblen=yes
ac_cv_func_mbrlen=yes
ac_cv_func_mbrtowc=yes
ac_cv_func_mbsinit=yes
ac_cv_func_mbsrtowcs=yes
ac_cv_func_mbtowc=yes
ac_cv_func_memalign=yes
ac_cv_func_memchr=yes
ac_cv_func_memcmp=yes
ac_cv_func_memcmp_working=yes
ac_cv_func_memcpy=yes
ac_cv_func_memmove=yes
ac_cv_func_mempcpy=yes
ac_cv_func_memrchr=yes
ac_cv_func_memset=yes
ac_cv_func_mkdir=yes
ac_cv_func_mkdirat=yes
ac_cv_func_mkdtemp=yes
ac_cv_func_mkfifo=yes
ac_cv_func_mknod=yes
ac_cv_func_mkstemp64=yes
ac_cv_func_mkstemp=yes
ac_cv_func_mktime=yes
ac_cv_func_mlock=yes
ac_cv_func_mmap=yes
ac_cv_func_mmap_fixed_mapped=yes
ac_cv_func_mtrace=yes
ac_cv_func_munlock=yes
ac_cv_func_munmap=yes
ac_cv_func_nanosleep=yes
ac_cv_func_nice=yes
ac_cv_func_nl_langinfo=yes
ac_cv_func_ntp_adjtime=yes
ac_cv_func_ntp_gettime=yes
ac_cv_func_on_exit=yes
ac_cv_func_open64=yes
ac_cv_func_open=yes
ac_cv_func_openat=yes
ac_cv_func_opendir=yes
ac_cv_func_openlog=yes
ac_cv_func_pathconf=yes
ac_cv_func_pipe=yes
ac_cv_func_poll=yes
ac_cv_func_popen=yes
ac_cv_func_posix_getgrgid_r=yes
ac_cv_func_posix_getpwnam_r=yes
ac_cv_func_posix_getpwuid_r=yes
ac_cv_func_posix_memalign=yes
ac_cv_func_prctl=yes
ac_cv_func_pread=yes
ac_cv_func_printf=yes
ac_cv_func_printf_unix98=yes
ac_cv_func_pselect=yes
ac_cv_func_pthread_attr_getstack=yes
ac_cv_func_pthread_mutex_lock=yes
ac_cv_func_ptsname=yes
ac_cv_func_putenv=yes
ac_cv_func_putgrent=yes
ac_cv_func_putpwent=yes
ac_cv_func_putspent=yes
ac_cv_func_pututline=yes
ac_cv_func_pututxline=yes
ac_cv_func_putwc=yes
ac_cv_func_pwrite=yes
ac_cv_func_qsort=yes
ac_cv_func_raise=yes
ac_cv_func_rand=yes
ac_cv_func_rand_r=yes
ac_cv_func_random=yes
ac_cv_func_re_comp=yes
ac_cv_func_re_exec=yes
ac_cv_func_re_search=yes
ac_cv_func_read=yes
ac_cv_func_readdir=yes
ac_cv_func_readdir_r=yes
ac_cv_func_readlink=yes
ac_cv_func_realloc=yes
ac_cv_func_realloc_0_nonnull=yes
ac_cv_func_realloc_works=yes
ac_cv_func_realpath=yes
ac_cv_func_recvmsg=yes
ac_cv_func_regcomp=yes
ac_cv_func_regexec=yes
ac_cv_func_remove=yes
ac_cv_func_rename=yes
ac_cv_func_rmdir=yes
ac_cv_func_rpmatch=yes
ac_cv_func_rresvport_af=yes
ac_cv_func_ruserok=yes
ac_cv_func_ruserok_af=yes
ac_cv_func_sbrk=yes
ac_cv_func_scandir=yes
ac_cv_func_sched_setscheduler=yes
ac_cv_func_sched_yield=yes
ac_cv_func_select=yes
ac_cv_func_semctl=yes
ac_cv_func_semget=yes
ac_cv_func_sendmsg=yes
ac_cv_func_setbuf=yes
ac_cv_func_setbuffer=yes
ac_cv_func_setegid=yes
ac_cv_func_setenv=yes
ac_cv_func_seteuid=yes
ac_cv_func_setgid=yes
ac_cv_func_setgrent_void=yes
ac_cv_func_setgroups=yes
ac_cv_func_sethostname=yes
ac_cv_func_setitimer=yes
ac_cv_func_setjmp=yes
ac_cv_func_setlinebuf=yes
ac_cv_func_setlocale=yes
ac_cv_func_setmntent=yes
ac_cv_func_setpgid=yes
ac_cv_func_setpgrp=yes
ac_cv_func_setpgrp_void=yes
ac_cv_func_setpriority=yes
ac_cv_func_setregid=yes
ac_cv_func_setresgid=yes
ac_cv_func_setresuid=yes
ac_cv_func_setreuid=yes
ac_cv_func_setrlimit=yes
ac_cv_func_setsid=yes
ac_cv_func_setsockopt=yes
ac_cv_func_settimeofday=yes
ac_cv_func_setuid=yes
ac_cv_func_setutent=yes
ac_cv_func_setutxent=yes
ac_cv_func_setvbuf=yes
ac_cv_func_setvbuf_reversed=no
ac_cv_func_setxattr=yes
ac_cv_func_sgetspent=yes
ac_cv_func_shmat=yes
ac_cv_func_shmctl=yes
ac_cv_func_shmdt=yes
ac_cv_func_shmget=yes
ac_cv_func_shutdown=yes
ac_cv_func_sigaction=yes
ac_cv_func_sigaddset=yes
ac_cv_func_sigaltstack=yes
ac_cv_func_sigblock=yes
ac_cv_func_sigemptyset=yes
ac_cv_func_sighold=yes
ac_cv_func_siginterrupt=yes
ac_cv_func_signal=yes
ac_cv_func_sigprocmask=yes
ac_cv_func_sigset=yes
ac_cv_func_sigsetmask=yes
ac_cv_func_sigstack=yes
ac_cv_func_sigsuspend=yes
ac_cv_func_sigvec=no
ac_cv_func_snprintf=yes
ac_cv_func_snprintf_c99=yes
ac_cv_func_socket=yes
ac_cv_func_socketpair=yes
ac_cv_func_sprintf=yes
ac_cv_func_srand48=yes
ac_cv_func_srand=yes
ac_cv_func_srandom=yes
ac_cv_func_sscanf=yes
ac_cv_func_stat=yes
ac_cv_func_stat_empty_string_bug=no
ac_cv_func_stat_ignores_trailing_slash=no
ac_cv_func_statfs=yes
ac_cv_func_statvfs=yes
ac_cv_func_stime=yes
ac_cv_func_stpcpy=yes
ac_cv_func_strcasecmp=yes
ac_cv_func_strcasestr=yes
ac_cv_func_strchr=yes
ac_cv_func_strchrnul=yes
ac_cv_func_strcmp=yes
ac_cv_func_strcspn=yes
ac_cv_func_strdup=yes
ac_cv_func_strerror=yes
ac_cv_func_strerror_r=yes
ac_cv_func_strftime=yes
ac_cv_func_strlen=yes
ac_cv_func_strncasecmp=yes
ac_cv_func_strncmp=yes
ac_cv_func_strndup=yes
ac_cv_func_strnlen=yes
ac_cv_func_strpbrk=yes
ac_cv_func_strptime=yes
ac_cv_func_strrchr=yes
ac_cv_func_strsep=yes
ac_cv_func_strsignal=yes
ac_cv_func_strspn=yes
ac_cv_func_strstr=yes
ac_cv_func_strtod=yes
ac_cv_func_strtoimax=yes
ac_cv_func_strtok_r=yes
ac_cv_func_strtol=yes
ac_cv_func_strtoll=yes
ac_cv_func_strtoul=yes
ac_cv_func_strtoull=yes
ac_cv_func_strtoumax=yes
ac_cv_func_strverscmp=yes
ac_cv_func_strxfrm=yes
ac_cv_func_symlink=yes
ac_cv_func_sync=yes
ac_cv_func_sys_siglist=yes
ac_cv_func_sysconf=yes
ac_cv_func_sysctl=yes
ac_cv_func_sysinfo=yes
ac_cv_func_syslog=yes
ac_cv_func_system=yes
ac_cv_func_tcgetattr=yes
ac_cv_func_tcgetpgrp=yes
ac_cv_func_tcsetattr=yes
ac_cv_func_tcsetpgrp=yes
ac_cv_func_time=yes
ac_cv_func_timegm=yes
ac_cv_func_times=yes
ac_cv_func_timezone=yes
ac_cv_func_tmpnam=yes
ac_cv_func_towlower=yes
ac_cv_func_towupper=yes
ac_cv_func_truncate=yes
ac_cv_func_tsearch=yes
ac_cv_func_ttyname=yes
ac_cv_func_tzset=yes
ac_cv_func_ulimit=yes
ac_cv_func_umask=yes
ac_cv_func_uname=yes
ac_cv_func_unlink=yes
ac_cv_func_unsetenv=yes
ac_cv_func_unshare=yes
ac_cv_func_updwtmp=yes
ac_cv_func_updwtmpx=yes
ac_cv_func_usleep=yes
ac_cv_func_ustat=yes
ac_cv_func_utime=yes
ac_cv_func_utimes=yes
ac_cv_func_utmpname=yes
ac_cv_func_utmpxname=yes
ac_cv_func_va_copy=yes
ac_cv_func_valloc=yes
ac_cv_func_vasprintf=yes
ac_cv_func_verrx=yes
ac_cv_func_vfork=yes
ac_cv_func_vfprintf=yes
ac_cv_func_vfscanf=yes
ac_cv_func_vhangup=yes
ac_cv_func_vprintf=yes
ac_cv_func_vsnprintf=yes
ac_cv_func_vsnprintf_c99=yes
ac_cv_func_vsprintf=yes
ac_cv_func_wait3=yes
ac_cv_func_wait4=yes
ac_cv_func_waitpid=yes
ac_cv_func_wcrtomb=yes
ac_cv_func_wcscoll=yes
ac_cv_func_wcsdup=yes
ac_cv_func_wcslen=yes
ac_cv_func_wctob=yes
ac_cv_func_wctomb=yes
ac_cv_func_wctype=yes
ac_cv_func_wcwidth=yes
ac_cv_func_wmemchr=yes
ac_cv_func_wmemcpy=yes
ac_cv_func_wmempcpy=yes
ac_cv_have_abstract_sockets=yes
ac_cv_have_decl_sys_siglist=yes
ac_cv_have_long_long_format=yes
ac_cv_header_X=no
ac_cv_header__CC=no
ac_cv_header__CFLAGS=no
ac_cv_header__CPPFLAGS=no
ac_cv_header___5=no
ac_cv_header__c=no
ac_cv_header_aio_h=yes
ac_cv_header_alloca_h=yes
ac_cv_header_argz_h=yes
ac_cv_header_arpa_inet_h=yes
ac_cv_header_arpa_nameser_h=yes
ac_cv_header_asm_byteorder_h=yes
ac_cv_header_asm_ioctls_h=yes
ac_cv_header_asm_page_h=no
ac_cv_header_asm_types_h=yes
ac_cv_header_assert_h=yes
ac_cv_header_byteswap_h=yes
ac_cv_header_conftest__ac_ext=no
ac_cv_header_crypt_h=yes
ac_cv_header_ctype_h=yes
ac_cv_header_curses_h=yes
ac_cv_header_dirent_h=yes
ac_cv_header_dlfcn_h=yes
ac_cv_header_elf_h=yes
ac_cv_header_endian_h=yes
ac_cv_header_err_h=yes
ac_cv_header_errno_h=yes
ac_cv_header_execinfo_h=yes
ac_cv_header_fcntl_h=yes
ac_cv_header_features_h=yes
ac_cv_header_float_h=yes
ac_cv_header_fstab_h=yes
ac_cv_header_ftw_h=yes
ac_cv_header_getopt_h=yes
ac_cv_header_glob_h=yes
ac_cv_header_grp_h=yes
ac_cv_header_iconv_h=yes
ac_cv_header_ifaddrs_h=yes
ac_cv_header_inttypes_h=yes
ac_cv_header_langinfo_h=yes
ac_cv_header_lastlog_h=yes
ac_cv_header_libgen_h=yes
ac_cv_header_libintl_h=yes
ac_cv_header_limits_h=yes
ac_cv_header_linux_capability_h=yes
ac_cv_header_linux_fd_h=yes
ac_cv_header_linux_fs_h=yes
ac_cv_header_linux_hayesesp_h=no
ac_cv_header_linux_hdreg_h=yes
ac_cv_header_linux_icmp_h=yes
ac_cv_header_linux_in6_h=yes
ac_cv_header_linux_joystick_h=yes
ac_cv_header_linux_ptrace_h=yes
ac_cv_header_linux_serial_h=yes
ac_cv_header_linux_sonypi_h=yes
ac_cv_header_linux_unistd_h=yes
ac_cv_header_linux_utsname_h=yes
ac_cv_header_linux_version_h=yes
ac_cv_header_locale_h=yes
ac_cv_header_malloc_h=yes
ac_cv_header_math_h=yes
ac_cv_header_mcheck_h=yes
ac_cv_header_memory_h=yes
ac_cv_header_mntent_h=yes
ac_cv_header_mqueue_h=yes
ac_cv_header_ncurses_curses_h=no
ac_cv_header_ncurses_h=yes
ac_cv_header_ncurses_termcap_h=no
ac_cv_header_net_if_h=yes
ac_cv_header_net_route_h=yes
ac_cv_header_netdb_h=yes
ac_cv_header_netinet_ether_h=yes
ac_cv_header_netinet_in_h=yes
ac_cv_header_netinet_ip6_h=yes
ac_cv_header_netinet_ip_h=yes
ac_cv_header_netinet_tcp_h=yes
ac_cv_header_netinet_udp_h=yes
ac_cv_header_netipx_ipx_h=yes
ac_cv_header_paths_h=yes
ac_cv_header_poll_h=yes
ac_cv_header_pthread_h=yes
ac_cv_header_pty_h=yes
ac_cv_header_pwd_h=yes
ac_cv_header_regex_h=yes
ac_cv_header_resolv_h=yes
ac_cv_header_rpc_rpc_h=yes
ac_cv_header_rpc_types_h=yes
ac_cv_header_sched_h=yes
ac_cv_header_scsi_scsi_h=yes
ac_cv_header_search_h=yes
ac_cv_header_semaphore_h=yes
ac_cv_header_setjmp_h=yes
ac_cv_header_sgtty_h=yes
ac_cv_header_shadow_h=yes
ac_cv_header_signal_h=yes
ac_cv_header_stdarg_h=yes
ac_cv_header_stdbool_h=yes
ac_cv_header_stdc=yes
ac_cv_header_stddef_h=yes
ac_cv_header_stdint_h=yes
ac_cv_header_stdio_h=yes
ac_cv_header_stdlib_h=yes
ac_cv_header_string_h=yes
ac_cv_header_strings_h=yes
ac_cv_header_stropts_h=yes
ac_cv_header_sys_bitypes_h=yes
ac_cv_header_sys_cdefs_h=yes
ac_cv_header_sys_dir_h=yes
ac_cv_header_sys_epoll_h=yes
ac_cv_header_sys_fcntl_h=yes
ac_cv_header_sys_file_h=yes
ac_cv_header_sys_fsuid_h=yes
ac_cv_header_sys_ioctl_h=yes
ac_cv_header_sys_ipc_h=yes
ac_cv_header_sys_mman_h=yes
ac_cv_header_sys_mount_h=yes
ac_cv_header_sys_mtio_h=yes
ac_cv_header_sys_param_h=yes
ac_cv_header_sys_poll_h=yes
ac_cv_header_sys_prctl_h=yes
ac_cv_header_sys_ptrace_h=yes
ac_cv_header_sys_queue_h=yes
ac_cv_header_sys_reg_h=no
ac_cv_header_sys_resource_h=yes
ac_cv_header_sys_select_h=yes
ac_cv_header_sys_sem_h=yes
ac_cv_header_sys_shm_h=yes
ac_cv_header_sys_signal_h=yes
ac_cv_header_sys_socket_h=yes
ac_cv_header_sys_socketvar_h=yes
ac_cv_header_sys_soundcard_h=yes
ac_cv_header_sys_stat_h=yes
ac_cv_header_sys_statfs_h=yes
ac_cv_header_sys_statvfs_h=yes
ac_cv_header_sys_stropts_h=yes
ac_cv_header_sys_swap_h=yes
ac_cv_header_sys_sysctl_h=yes
ac_cv_header_sys_sysinfo_h=yes
ac_cv_header_sys_sysmacros_h=yes
ac_cv_header_sys_termios_h=yes
ac_cv_header_sys_time_h=yes
ac_cv_header_sys_timeb_h=yes
ac_cv_header_sys_times_h=yes
ac_cv_header_sys_timex_h=yes
ac_cv_header_sys_types_h=yes
ac_cv_header_sys_uio_h=yes
ac_cv_header_sys_un_h=yes
ac_cv_header_sys_unistd_h=yes
ac_cv_header_sys_user_h=yes
ac_cv_header_sys_utsname_h=yes
ac_cv_header_sys_vfs_h=yes
ac_cv_header_sys_wait_h=yes
ac_cv_header_sysexits_h=yes
ac_cv_header_syslog_h=yes
ac_cv_header_termio_h=yes
ac_cv_header_termios_h=yes
ac_cv_header_time_h=yes
ac_cv_header_ttyent_h=yes
ac_cv_header_ulimit_h=yes
ac_cv_header_unistd_h=yes
ac_cv_header_ustat_h=yes
ac_cv_header_utime_h=yes
ac_cv_header_utmp_h=yes
ac_cv_header_utmpx_h=yes
ac_cv_header_values_h=yes
ac_cv_header_wchar_h=yes
ac_cv_header_wctype_h=yes
ac_cv_host=arm-poky-linux-gnueabi
ac_cv_lib_m_sin=yes
ac_cv_libnet_endianess=lil
ac_cv_linux_vers=2
ac_cv_need_trio=no
ac_cv_o_nonblock_inherited=no
ac_cv_objext=o
ac_cv_path_EGREP='/bin/grep -E'
ac_cv_path_FGREP='/bin/grep -F'
ac_cv_path_GREP=/bin/grep
ac_cv_path_SED=sed
ac_cv_path_install='/usr/bin/install -c'
ac_cv_path_lt_DD=/bin/dd
ac_cv_path_mkdir=/bin/mkdir
ac_cv_prog_AR=arm-poky-linux-gnueabi-ar
ac_cv_prog_AWK=gawk
ac_cv_prog_CC='arm-poky-linux-gnueabi-gcc  -march=armv5e -marm  -mthumb-interwork --sysroot=/home/summer/test-yocto/qemuarm'
ac_cv_prog_CPP='arm-poky-linux-gnueabi-gcc -E  -march=armv5e -marm  -mthumb-interwork --sysroot=/home/summer/test-yocto/qemuarm'
ac_cv_prog_OBJDUMP=arm-poky-linux-gnueabi-objdump
ac_cv_prog_RANLIB=arm-poky-linux-gnueabi-ranlib
ac_cv_prog_STRIP=arm-poky-linux-gnueabi-strip
ac_cv_prog_ac_ct_MANIFEST_TOOL=mt
ac_cv_prog_cc_c89=
ac_cv_prog_cc_g=yes
ac_cv_prog_make_make_set=yes
ac_cv_sizeof___int64=0
ac_cv_sizeof_char=1
ac_cv_sizeof_char_p=4
ac_cv_sizeof_dev_t=8
ac_cv_sizeof_double=8
ac_cv_sizeof_float=4
ac_cv_sizeof_gid_t=4
ac_cv_sizeof_ino_t=8
ac_cv_sizeof_int=4
ac_cv_sizeof_long=8
ac_cv_sizeof_long_double=16
ac_cv_sizeof_long_int=8
ac_cv_sizeof_long_long=8
ac_cv_sizeof_long_long_int=8
ac_cv_sizeof_off_t=8
ac_cv_sizeof_pid_t=4
ac_cv_sizeof_short=2
ac_cv_sizeof_short_int=2
ac_cv_sizeof_signed_char=1
ac_cv_sizeof_size_t=8
ac_cv_sizeof_uid_t=4
ac_cv_sizeof_unsigned_char=1
ac_cv_sizeof_unsigned_int=4
ac_cv_sizeof_unsigned_long=8
ac_cv_sizeof_unsigned_long_int=4
ac_cv_sizeof_unsigned_long_long_int=8
ac_cv_sizeof_unsigned_short=2
ac_cv_sizeof_unsigned_short_int=2
ac_cv_sizeof_void_p=8
ac_cv_strerror_r_SUSv3=no
ac_cv_sys_restartable_syscalls=yes
ac_cv_type_uid_t='{ac_cv_type_uid_t=yes}'
ac_cv_va_copy=yes
ac_cv_va_val_copy=no
am_cv_CC_dependencies_compiler_type=gcc3
am_cv_func_working_getline=yes
am_cv_make_support_nested_variables=yes
am_cv_prog_cc_c_o=yes
am_cv_scanf_lld=yes
apr_cv_tcp_nodelay_with_cork=yes
as_cv_unaligned_access=yes
bash_cv_dup2_broken=no
bash_cv_func_sigsetjmp=present
bash_cv_func_strcoll_broken=no
bash_cv_getcwd_calls_popen=no
bash_cv_getenv_redef=yes
bash_cv_have_mbstate_t=yes
bash_cv_job_control_missing=present
bash_cv_must_reinstall_sighandlers=no
bash_cv_opendir_not_robust=no
bash_cv_pgrp_pipe=no
bash_cv_printf_a_format=yes
bash_cv_sys_named_pipes=present
bash_cv_sys_siglist=yes
bash_cv_type_rlimit=rlim_t
bash_cv_ulimit_maxfds=yes
bash_cv_under_sys_siglist=yes
bash_cv_unusable_rtsigs=no
cvs_cv_func_printf_ptr=yes
db_cv_align_t='unsigned long long'
db_cv_alignp_t='unsigned long long'
db_cv_fcntl_f_setfd=yes
db_cv_path_ar=/usr/bin/ar
db_cv_path_chmod=/bin/chmod
db_cv_path_cp=/bin/cp
db_cv_path_ln=/bin/ln
db_cv_path_mkdir=/bin/mkdir
db_cv_path_ranlib=/usr/bin/ranlib
db_cv_path_rm=/bin/rm
db_cv_path_sh=/bin/sh
db_cv_path_strip=/usr/bin/strip
db_cv_sprintf_count=yes
fu_cv_sys_stat_statfs2_bsize=yes
gl_cv_func_btowc_eof=yes
gl_cv_func_fstatat_zero_flag=yes
gl_cv_func_mbrtowc_incomplete_state=yes
gl_cv_func_mbrtowc_nul_retval=yes
gl_cv_func_mbrtowc_null_arg=yes
gl_cv_func_mbrtowc_retval=yes
gl_cv_func_mbrtowc_sanitycheck=yes
gl_cv_func_wcrtomb_retval=yes
gl_cv_func_wctob_works=yes
glib_cv___va_copy=yes
glib_cv_compliant_posix_memalign=1
glib_cv_has__inline=yes
glib_cv_has__inline__=yes
glib_cv_hasinline=yes
glib_cv_have_qsort_r=yes
glib_cv_long_long_format=ll
glib_cv_rtldglobal_broken=yes
glib_cv_sane_realloc=yes
glib_cv_sizeof_gmutex=40
glib_cv_sizeof_intmax_t=8
glib_cv_sizeof_ptrdiff_t=8
glib_cv_sizeof_size_t=8
glib_cv_sizeof_system_thread=8
glib_cv_stack_grows=no
glib_cv_strlcpy=no
glib_cv_sys_pthread_cond_timedwait_posix=yes
glib_cv_sys_pthread_getspecific_posix=yes
glib_cv_sys_pthread_mutex_trylock_posix=yes
glib_cv_uscore=no
glib_cv_va_copy=yes
glib_cv_va_val_copy=no
gt_cv_locale_fr=fr_FR
lf_cv_sane_realloc=yes
lftp_cv_va_val_copy=no
libIDL_cv_long_long_format=ll
lt_cv_ar_at_file=@
lt_cv_archive_cmds_need_lc=no
lt_cv_deplibs_check_method=pass_all
lt_cv_file_magic_cmd='$MAGIC_CMD'
lt_cv_file_magic_test_file=
lt_cv_ld_reload_flag=-r
lt_cv_nm_interface='BSD nm'
lt_cv_objdir=.libs
lt_cv_path_LD='arm-poky-linux-gnueabi-ld  --sysroot=/home/summer/test-yocto/qemuarm'
lt_cv_path_NM=arm-poky-linux-gnueabi-nm
lt_cv_path_mainfest_tool=no
lt_cv_prog_compiler_c_o=yes
lt_cv_prog_compiler_pic='-fPIC -DPIC'
lt_cv_prog_compiler_pic_works=yes
lt_cv_prog_compiler_rtti_exceptions=no
lt_cv_prog_compiler_static_works=no
lt_cv_prog_gnu_ld=yes
lt_cv_sharedlib_from_linklib_cmd='printf %s\n'
lt_cv_shlibpath_overrides_runpath=no
lt_cv_sys_global_symbol_pipe='sed -n -e '\''s/^.*[	 ]\([ABCDGIRSTW][ABCDGIRSTW]*\)[	 ][	 ]*\([_A-Za-z][_A-Za-z0-9]*\)$/\1 \2 \2/p'\'' | sed '\''/ __gnu_lto/d'\'''
lt_cv_sys_global_symbol_to_c_name_address='sed -n -e '\''s/^: \(.*\) .*$/  {"\1", (void *) 0},/p'\'' -e '\''s/^[ABCDGIRSTW][ABCDGIRSTW]* .* \(.*\)$/  {"\1", (void *) \&\1},/p'\'''
lt_cv_sys_global_symbol_to_c_name_address_lib_prefix='sed -n -e '\''s/^: \(.*\) .*$/  {"\1", (void *) 0},/p'\'' -e '\''s/^[ABCDGIRSTW][ABCDGIRSTW]* .* \(lib.*\)$/  {"\1", (void *) \&\1},/p'\'' -e '\''s/^[ABCDGIRSTW][ABCDGIRSTW]* .* \(.*\)$/  {"lib\1", (void *) \&\1},/p'\'''
lt_cv_sys_global_symbol_to_cdecl='sed -n -e '\''s/^T .* \(.*\)$/extern int \1();/p'\'' -e '\''s/^[ABCDGIRSTW][ABCDGIRSTW]* .* \(.*\)$/extern char \1;/p'\'''
lt_cv_sys_global_symbol_to_import=
lt_cv_sys_max_cmd_len=1572864
lt_cv_to_host_file_cmd=func_convert_file_noop
lt_cv_to_tool_file_cmd=func_convert_file_noop
lt_cv_truncate_bin='/bin/dd bs=4096 count=1'
mr_cv_target_elf=yes
nano_cv_func_regexec_segv_emptystr=no
nfsd_cv_broken_setfsuid=0
nfsd_cv_bsd_signals=yes
nfsd_cv_func_statfs=statfs2_bsize
samba_cv_HAVE_IFACE_AIX=no
samba_cv_HAVE_IFACE_IFCONF=yes
samba_cv_HAVE_IFACE_IFREQ=yes
samba_cv_HAVE_IRIX_SPECIFIC_CAPABILITIES=no
samba_cv_HAVE_VA_COPY=yes
screen_cv_sys_bcopy_overlap=no
screen_cv_sys_fifo_broken_impl=yes
screen_cv_sys_fifo_usable=yes
screen_cv_sys_memcpy_overlap=no
screen_cv_sys_memmove_overlap=no
screen_cv_sys_select_broken_retval=no
screen_cv_sys_sockets_nofs=no
screen_cv_sys_sockets_usable=yes
screen_cv_sys_terminfo_used=yes
shadow_cv_logdir='${prefix}/var/log'
shadow_cv_maildir='${prefix}/var/spool/mail'
shadow_cv_mailfile=Mailbox
shadow_cv_passwd_dir='${exec_prefix}/bin'
shadow_cv_utmpdir='${prefix}/var/run'
slrn_cv_va_val_copy=no
sudo_cv_func_unsetenv_void=no
tcl_cv_api_serial=termios
utils_cv_sys_open_max=1015
xorg_cv_malloc0_returns_null=yes

## ----------------- ##
## Output variables. ##
## ----------------- ##

ACLOCAL='${SHELL} /nfsroot/workspace_luna/UartTest/missing aclocal-1.15'
AMDEPBACKSLASH='\'
AMDEP_FALSE='#'
AMDEP_TRUE=''
AMTAR='$${TAR-tar}'
AM_BACKSLASH='\'
AM_DEFAULT_V='$(AM_DEFAULT_VERBOSITY)'
AM_DEFAULT_VERBOSITY='1'
AM_V='$(V)'
AR='arm-poky-linux-gnueabi-ar'
AUTOCONF='${SHELL} /nfsroot/workspace_luna/UartTest/missing autoconf'
AUTOHEADER='${SHELL} /nfsroot/workspace_luna/UartTest/missing autoheader'
AUTOMAKE='${SHELL} /nfsroot/workspace_luna/UartTest/missing automake-1.15'
AWK='gawk'
CC='arm-poky-linux-gnueabi-gcc  -march=armv5e -marm  -mthumb-interwork --sysroot=/home/summer/test-yocto/qemuarm'
CCDEPMODE='depmode=gcc3'
CFLAGS=' -g -O0  --sysroot=/home/summer/test-yocto/qemuarm'
CPP='arm-poky-linux-gnueabi-gcc -E  -march=armv5e -marm  -mthumb-interwork --sysroot=/home/summer/test-yocto/qemuarm'
CPPFLAGS=' --sysroot=/home/summer/test-yocto/qemuarm'
CYGPATH_W='echo'
DEFS='-DHAVE_CONFIG_H'
DEPDIR='.deps'
DLLTOOL='false'
DSYMUTIL=''
DUMPBIN=''
ECHO_C=''
ECHO_N='-n'
ECHO_T=''
EGREP='/bin/grep -E'
EXEEXT=''
FGREP='/bin/grep -F'
GREP='/bin/grep'
INSTALL_DATA='${INSTALL} -m 644'
INSTALL_PROGRAM='${INSTALL}'
INSTALL_SCRIPT='${INSTALL}'
INSTALL_STRIP_PROGRAM='$(install_sh) -c -s'
LD='arm-poky-linux-gnueabi-ld  --sysroot=/home/summer/test-yocto/qemuarm'
LDFLAGS=' --sysroot=/home/summer/test-yocto/qemuarm'
LIBOBJS=''
LIBS=''
LIBTOOL='$(top_builddir)/arm-poky-linux-gnueabi-libtool'
LIPO=''
LN_S='ln -s'
LTLIBOBJS=''
LT_SYS_LIBRARY_PATH=''
MAKEINFO='${SHELL} /nfsroot/workspace_luna/UartTest/missing makeinfo'
MANIFEST_TOOL=':'
MKDIR_P='/bin/mkdir -p'
NM='arm-poky-linux-gnueabi-nm'
NMEDIT=''
OBJDUMP='arm-poky-linux-gnueabi-objdump'
OBJEXT='o'
OTOOL64=''
OTOOL=''
PACKAGE='UartTest'
PACKAGE_BUGREPORT=''
PACKAGE_NAME='UartTest'
PACKAGE_STRING='UartTest 0.1.0'
PACKAGE_TARNAME='uarttest'
PACKAGE_URL=''
PACKAGE_VERSION='0.1.0'
PATH_SEPARATOR=':'
RANLIB='arm-poky-linux-gnueabi-ranlib'
SED='sed'
SET_MAKE=''
SHELL='/bin/bash'
STRIP='arm-poky-linux-gnueabi-strip'
UartTest_CFLAGS=''
UartTest_LIBS=''
VERSION='0.1.0'
ac_ct_AR=''
ac_ct_CC=''
ac_ct_DUMPBIN=''
am__EXEEXT_FALSE=''
am__EXEEXT_TRUE='#'
am__fastdepCC_FALSE='#'
am__fastdepCC_TRUE=''
am__include='include'
am__isrc=''
am__leading_dot='.'
am__nodep='_no'
am__quote=''
am__tar='$${TAR-tar} chof - "$$tardir"'
am__untar='$${TAR-tar} xf -'
bindir='${exec_prefix}/bin'
build='x86_64-pc-linux-gnu'
build_alias='x86_64-linux'
build_cpu='x86_64'
build_os='linux-gnu'
build_vendor='pc'
datadir='${datarootdir}'
datarootdir='${prefix}/share'
docdir='${datarootdir}/doc/${PACKAGE_TARNAME}'
dvidir='${docdir}'
exec_prefix='${prefix}'
host='arm-poky-linux-gnueabi'
host_alias='arm-poky-linux-gnueabi'
host_cpu='arm'
host_os='linux-gnueabi'
host_vendor='poky'
htmldir='${docdir}'
includedir='${prefix}/include'
infodir='${datarootdir}/info'
install_sh='${SHELL} /nfsroot/workspace_luna/UartTest/install-sh'
libdir='${exec_prefix}/lib'
libexecdir='${exec_prefix}/libexec'
localedir='${datarootdir}/locale'
localstatedir='${prefix}/var'
mandir='${datarootdir}/man'
mkdir_p='$(MKDIR_P)'
oldincludedir='/usr/include'
pdfdir='${docdir}'
prefix='/usr/local'
program_transform_name='s,x,x,'
psdir='${docdir}'
sbindir='${exec_prefix}/sbin'
sharedstatedir='${prefix}/com'
sysconfdir='${prefix}/etc'
target_alias='arm-poky-linux-gnueabi'

## ----------- ##
## confdefs.h. ##
## ----------- ##

/* confdefs.h */
#define PACKAGE_NAME "UartTest"
#define PACKAGE_TARNAME "uarttest"
#define PACKAGE_VERSION "0.1.0"
#define PACKAGE_STRING "UartTest 0.1.0"
#define PACKAGE_BUGREPORT ""
#define PACKAGE_URL ""
#define PACKAGE "UartTest"
#define VERSION "0.1.0"
#define STDC_HEADERS 1
#define HAVE_SYS_TYPES_H 1
#define HAVE_SYS_STAT_H 1
#define HAVE_STDLIB_H 1
#define HAVE_STRING_H 1
#define HAVE_MEMORY_H 1
#define HAVE_STRINGS_H 1
#define HAVE_INTTYPES_H 1
#define HAVE_STDINT_H 1
#define HAVE_UNISTD_H 1
#define HAVE_DLFCN_H 1
#define LT_OBJDIR ".libs/"

configure: exit 0
